2020:09:09 00:50:46.248 INFO  --- [main] kakao.KakaoApiPjApplication : Starting KakaoApiPjApplication on LAPTOP-5441OMQF with PID 11928 (C:\Users\USER\eclipse-kakao\KakaoApiPj\bin\main started by USER in C:\Users\USER\eclipse-kakao\KakaoApiPj) 
2020:09:09 00:50:46.254 INFO  --- [main] kakao.KakaoApiPjApplication : The following profiles are active: local 
2020:09:09 00:50:47.769 INFO  --- [main] o.s.b.w.e.tomcat.TomcatWebServer : Tomcat initialized with port(s): 8080 (http) 
2020:09:09 00:50:47.786 INFO  --- [main] o.a.coyote.http11.Http11NioProtocol : Initializing ProtocolHandler ["http-nio-8080"] 
2020:09:09 00:50:47.788 INFO  --- [main] o.a.catalina.core.StandardService : Starting service [Tomcat] 
2020:09:09 00:50:47.789 INFO  --- [main] o.a.catalina.core.StandardEngine : Starting Servlet engine: [Apache Tomcat/9.0.37] 
2020:09:09 00:50:47.999 INFO  --- [main] o.a.c.c.C.[Tomcat].[localhost].[/] : Initializing Spring embedded WebApplicationContext 
2020:09:09 00:50:48.000 INFO  --- [main] o.s.b.w.s.c.ServletWebServerApplicationContext : Root WebApplicationContext: initialization completed in 1653 ms 
2020:09:09 00:50:48.375 INFO  --- [main] o.s.s.c.ThreadPoolTaskExecutor : Initializing ExecutorService 'applicationTaskExecutor' 
2020:09:09 00:50:48.712 INFO  --- [main] o.a.coyote.http11.Http11NioProtocol : Starting ProtocolHandler ["http-nio-8080"] 
2020:09:09 00:50:48.749 INFO  --- [main] o.s.b.w.e.tomcat.TomcatWebServer : Tomcat started on port(s): 8080 (http) with context path '' 
2020:09:09 00:50:48.764 INFO  --- [main] kakao.KakaoApiPjApplication : Started KakaoApiPjApplication in 3.618 seconds (JVM running for 5.609) 
2020:09:09 00:51:07.666 INFO  --- [http-nio-8080-exec-1] o.a.c.c.C.[Tomcat].[localhost].[/] : Initializing Spring DispatcherServlet 'dispatcherServlet' 
2020:09:09 00:51:07.667 INFO  --- [http-nio-8080-exec-1] o.s.web.servlet.DispatcherServlet : Initializing Servlet 'dispatcherServlet' 
2020:09:09 00:51:07.680 INFO  --- [http-nio-8080-exec-1] o.s.web.servlet.DispatcherServlet : Completed initialization in 12 ms 
2020:09:09 00:51:07.874 INFO  --- [http-nio-8080-exec-1] kakao.controller.KakaoTest : 2020090802314217191401 
2020:09:09 00:51:09.952 INFO  --- [http-nio-8080-exec-1] kakao.controller.KakaoTest : java.lang.NullPointerException 
2020:09:09 00:55:46.745 INFO  --- [RMI TCP Connection(7)-127.0.0.1] o.s.b.a.SpringApplicationAdminMXBeanRegistrar$SpringApplicationAdmin : Application shutdown requested. 
2020:09:09 00:55:47.641 INFO  --- [RMI TCP Connection(7)-127.0.0.1] o.s.s.c.ThreadPoolTaskExecutor : Shutting down ExecutorService 'applicationTaskExecutor' 
2020:09:09 00:55:54.064 INFO  --- [main] kakao.KakaoApiPjApplication : Starting KakaoApiPjApplication on LAPTOP-5441OMQF with PID 8548 (C:\Users\USER\eclipse-kakao\KakaoApiPj\bin\main started by USER in C:\Users\USER\eclipse-kakao\KakaoApiPj) 
2020:09:09 00:55:54.070 INFO  --- [main] kakao.KakaoApiPjApplication : The following profiles are active: local 
2020:09:09 00:55:55.978 INFO  --- [main] o.s.b.w.e.tomcat.TomcatWebServer : Tomcat initialized with port(s): 8080 (http) 
2020:09:09 00:55:55.992 INFO  --- [main] o.a.coyote.http11.Http11NioProtocol : Initializing ProtocolHandler ["http-nio-8080"] 
2020:09:09 00:55:55.993 INFO  --- [main] o.a.catalina.core.StandardService : Starting service [Tomcat] 
2020:09:09 00:55:55.994 INFO  --- [main] o.a.catalina.core.StandardEngine : Starting Servlet engine: [Apache Tomcat/9.0.37] 
2020:09:09 00:55:56.170 INFO  --- [main] o.a.c.c.C.[Tomcat].[localhost].[/] : Initializing Spring embedded WebApplicationContext 
2020:09:09 00:55:56.171 INFO  --- [main] o.s.b.w.s.c.ServletWebServerApplicationContext : Root WebApplicationContext: initialization completed in 2000 ms 
2020:09:09 00:55:56.654 INFO  --- [main] o.s.s.c.ThreadPoolTaskExecutor : Initializing ExecutorService 'applicationTaskExecutor' 
2020:09:09 00:55:57.086 INFO  --- [main] o.a.coyote.http11.Http11NioProtocol : Starting ProtocolHandler ["http-nio-8080"] 
2020:09:09 00:55:57.125 INFO  --- [main] o.s.b.w.e.tomcat.TomcatWebServer : Tomcat started on port(s): 8080 (http) with context path '' 
2020:09:09 00:55:57.147 INFO  --- [main] kakao.KakaoApiPjApplication : Started KakaoApiPjApplication in 4.52 seconds (JVM running for 7.334) 
2020:09:09 00:55:59.295 INFO  --- [http-nio-8080-exec-2] o.a.c.c.C.[Tomcat].[localhost].[/] : Initializing Spring DispatcherServlet 'dispatcherServlet' 
2020:09:09 00:55:59.295 INFO  --- [http-nio-8080-exec-2] o.s.web.servlet.DispatcherServlet : Initializing Servlet 'dispatcherServlet' 
2020:09:09 00:55:59.304 INFO  --- [http-nio-8080-exec-2] o.s.web.servlet.DispatcherServlet : Completed initialization in 8 ms 
2020:09:09 00:55:59.524 INFO  --- [http-nio-8080-exec-2] kakao.controller.KakaoTest : 2020090802314217191401 
2020:09:09 00:56:02.068 INFO  --- [http-nio-8080-exec-2] kakao.controller.KakaoTest : java.lang.NullPointerException 
2020:09:09 00:57:25.491 INFO  --- [RMI TCP Connection(6)-127.0.0.1] o.s.b.a.SpringApplicationAdminMXBeanRegistrar$SpringApplicationAdmin : Application shutdown requested. 
2020:09:09 00:57:26.323 INFO  --- [RMI TCP Connection(6)-127.0.0.1] o.s.s.c.ThreadPoolTaskExecutor : Shutting down ExecutorService 'applicationTaskExecutor' 
2020:09:09 00:57:33.548 INFO  --- [main] kakao.KakaoApiPjApplication : Starting KakaoApiPjApplication on LAPTOP-5441OMQF with PID 12892 (C:\Users\USER\eclipse-kakao\KakaoApiPj\bin\main started by USER in C:\Users\USER\eclipse-kakao\KakaoApiPj) 
2020:09:09 00:57:33.555 INFO  --- [main] kakao.KakaoApiPjApplication : The following profiles are active: local 
2020:09:09 00:57:35.477 INFO  --- [main] o.s.b.w.e.tomcat.TomcatWebServer : Tomcat initialized with port(s): 8080 (http) 
2020:09:09 00:57:35.495 INFO  --- [main] o.a.coyote.http11.Http11NioProtocol : Initializing ProtocolHandler ["http-nio-8080"] 
2020:09:09 00:57:35.497 INFO  --- [main] o.a.catalina.core.StandardService : Starting service [Tomcat] 
2020:09:09 00:57:35.498 INFO  --- [main] o.a.catalina.core.StandardEngine : Starting Servlet engine: [Apache Tomcat/9.0.37] 
2020:09:09 00:57:35.719 INFO  --- [main] o.a.c.c.C.[Tomcat].[localhost].[/] : Initializing Spring embedded WebApplicationContext 
2020:09:09 00:57:35.719 INFO  --- [main] o.s.b.w.s.c.ServletWebServerApplicationContext : Root WebApplicationContext: initialization completed in 2051 ms 
2020:09:09 00:57:36.055 INFO  --- [main] o.s.s.c.ThreadPoolTaskExecutor : Initializing ExecutorService 'applicationTaskExecutor' 
2020:09:09 00:57:36.382 INFO  --- [main] o.a.coyote.http11.Http11NioProtocol : Starting ProtocolHandler ["http-nio-8080"] 
2020:09:09 00:57:36.409 INFO  --- [main] o.s.b.w.e.tomcat.TomcatWebServer : Tomcat started on port(s): 8080 (http) with context path '' 
2020:09:09 00:57:36.422 INFO  --- [main] kakao.KakaoApiPjApplication : Started KakaoApiPjApplication in 3.909 seconds (JVM running for 6.344) 
2020:09:09 00:57:39.559 INFO  --- [http-nio-8080-exec-2] o.a.c.c.C.[Tomcat].[localhost].[/] : Initializing Spring DispatcherServlet 'dispatcherServlet' 
2020:09:09 00:57:39.560 INFO  --- [http-nio-8080-exec-2] o.s.web.servlet.DispatcherServlet : Initializing Servlet 'dispatcherServlet' 
2020:09:09 00:57:39.570 INFO  --- [http-nio-8080-exec-2] o.s.web.servlet.DispatcherServlet : Completed initialization in 9 ms 
2020:09:09 00:57:39.755 INFO  --- [http-nio-8080-exec-2] kakao.controller.KakaoTest : 2020090802314217191401 
2020:09:09 00:58:44.406 INFO  --- [RMI TCP Connection(4)-127.0.0.1] o.s.b.a.SpringApplicationAdminMXBeanRegistrar$SpringApplicationAdmin : Application shutdown requested. 
2020:09:09 00:58:45.181 INFO  --- [RMI TCP Connection(4)-127.0.0.1] o.s.s.c.ThreadPoolTaskExecutor : Shutting down ExecutorService 'applicationTaskExecutor' 
2020:09:09 00:58:50.536 INFO  --- [main] kakao.KakaoApiPjApplication : Starting KakaoApiPjApplication on LAPTOP-5441OMQF with PID 17896 (C:\Users\USER\eclipse-kakao\KakaoApiPj\bin\main started by USER in C:\Users\USER\eclipse-kakao\KakaoApiPj) 
2020:09:09 00:58:50.542 INFO  --- [main] kakao.KakaoApiPjApplication : The following profiles are active: local 
2020:09:09 00:58:52.339 INFO  --- [main] o.s.b.w.e.tomcat.TomcatWebServer : Tomcat initialized with port(s): 8080 (http) 
2020:09:09 00:58:52.357 INFO  --- [main] o.a.coyote.http11.Http11NioProtocol : Initializing ProtocolHandler ["http-nio-8080"] 
2020:09:09 00:58:52.359 INFO  --- [main] o.a.catalina.core.StandardService : Starting service [Tomcat] 
2020:09:09 00:58:52.360 INFO  --- [main] o.a.catalina.core.StandardEngine : Starting Servlet engine: [Apache Tomcat/9.0.37] 
2020:09:09 00:58:52.614 INFO  --- [main] o.a.c.c.C.[Tomcat].[localhost].[/] : Initializing Spring embedded WebApplicationContext 
2020:09:09 00:58:52.615 INFO  --- [main] o.s.b.w.s.c.ServletWebServerApplicationContext : Root WebApplicationContext: initialization completed in 1965 ms 
2020:09:09 00:58:53.023 INFO  --- [main] o.s.s.c.ThreadPoolTaskExecutor : Initializing ExecutorService 'applicationTaskExecutor' 
2020:09:09 00:58:53.425 INFO  --- [main] o.a.coyote.http11.Http11NioProtocol : Starting ProtocolHandler ["http-nio-8080"] 
2020:09:09 00:58:53.467 INFO  --- [main] o.s.b.w.e.tomcat.TomcatWebServer : Tomcat started on port(s): 8080 (http) with context path '' 
2020:09:09 00:58:53.487 INFO  --- [main] kakao.KakaoApiPjApplication : Started KakaoApiPjApplication in 4.134 seconds (JVM running for 6.106) 
2020:09:09 00:59:00.246 INFO  --- [http-nio-8080-exec-1] o.a.c.c.C.[Tomcat].[localhost].[/] : Initializing Spring DispatcherServlet 'dispatcherServlet' 
2020:09:09 00:59:00.247 INFO  --- [http-nio-8080-exec-1] o.s.web.servlet.DispatcherServlet : Initializing Servlet 'dispatcherServlet' 
2020:09:09 00:59:00.258 INFO  --- [http-nio-8080-exec-1] o.s.web.servlet.DispatcherServlet : Completed initialization in 11 ms 
2020:09:09 00:59:00.428 INFO  --- [http-nio-8080-exec-1] kakao.controller.KakaoTest : 2020090802314217191401 
2020:09:09 00:59:02.439 INFO  --- [http-nio-8080-exec-1] kakao.controller.KakaoTest : java.lang.NullPointerException 
2020:09:09 01:03:36.625 INFO  --- [RMI TCP Connection(8)-127.0.0.1] o.s.b.a.SpringApplicationAdminMXBeanRegistrar$SpringApplicationAdmin : Application shutdown requested. 
2020:09:09 01:03:37.559 INFO  --- [RMI TCP Connection(8)-127.0.0.1] o.s.s.c.ThreadPoolTaskExecutor : Shutting down ExecutorService 'applicationTaskExecutor' 
2020:09:09 01:03:42.916 INFO  --- [main] kakao.KakaoApiPjApplication : Starting KakaoApiPjApplication on LAPTOP-5441OMQF with PID 16340 (C:\Users\USER\eclipse-kakao\KakaoApiPj\bin\main started by USER in C:\Users\USER\eclipse-kakao\KakaoApiPj) 
2020:09:09 01:03:42.923 INFO  --- [main] kakao.KakaoApiPjApplication : The following profiles are active: local 
2020:09:09 01:03:45.265 INFO  --- [main] o.s.b.w.e.tomcat.TomcatWebServer : Tomcat initialized with port(s): 8080 (http) 
2020:09:09 01:03:45.296 INFO  --- [main] o.a.coyote.http11.Http11NioProtocol : Initializing ProtocolHandler ["http-nio-8080"] 
2020:09:09 01:03:45.299 INFO  --- [main] o.a.catalina.core.StandardService : Starting service [Tomcat] 
2020:09:09 01:03:45.300 INFO  --- [main] o.a.catalina.core.StandardEngine : Starting Servlet engine: [Apache Tomcat/9.0.37] 
2020:09:09 01:03:45.703 INFO  --- [main] o.a.c.c.C.[Tomcat].[localhost].[/] : Initializing Spring embedded WebApplicationContext 
2020:09:09 01:03:45.704 INFO  --- [main] o.s.b.w.s.c.ServletWebServerApplicationContext : Root WebApplicationContext: initialization completed in 2643 ms 
2020:09:09 01:03:46.195 INFO  --- [main] o.s.s.c.ThreadPoolTaskExecutor : Initializing ExecutorService 'applicationTaskExecutor' 
2020:09:09 01:03:46.726 INFO  --- [main] o.a.coyote.http11.Http11NioProtocol : Starting ProtocolHandler ["http-nio-8080"] 
2020:09:09 01:03:46.770 INFO  --- [main] o.s.b.w.e.tomcat.TomcatWebServer : Tomcat started on port(s): 8080 (http) with context path '' 
2020:09:09 01:03:46.803 INFO  --- [main] kakao.KakaoApiPjApplication : Started KakaoApiPjApplication in 5.422 seconds (JVM running for 8.104) 
2020:09:09 01:03:50.028 INFO  --- [http-nio-8080-exec-2] o.a.c.c.C.[Tomcat].[localhost].[/] : Initializing Spring DispatcherServlet 'dispatcherServlet' 
2020:09:09 01:03:50.029 INFO  --- [http-nio-8080-exec-2] o.s.web.servlet.DispatcherServlet : Initializing Servlet 'dispatcherServlet' 
2020:09:09 01:03:50.043 INFO  --- [http-nio-8080-exec-2] o.s.web.servlet.DispatcherServlet : Completed initialization in 13 ms 
2020:09:09 01:03:50.223 INFO  --- [http-nio-8080-exec-2] kakao.controller.KakaoTest : 2020090802314217191401 
2020:09:09 01:03:52.662 INFO  --- [http-nio-8080-exec-2] kakao.controller.KakaoTest : 0 
2020:09:09 01:03:52.673 INFO  --- [http-nio-8080-exec-2] kakao.controller.KakaoTest :  
2020:09:09 01:13:06.862 INFO  --- [RMI TCP Connection(13)-127.0.0.1] o.s.b.a.SpringApplicationAdminMXBeanRegistrar$SpringApplicationAdmin : Application shutdown requested. 
2020:09:09 01:13:07.700 INFO  --- [RMI TCP Connection(13)-127.0.0.1] o.s.s.c.ThreadPoolTaskExecutor : Shutting down ExecutorService 'applicationTaskExecutor' 
2020:09:09 01:13:12.680 INFO  --- [main] kakao.KakaoApiPjApplication : Starting KakaoApiPjApplication on LAPTOP-5441OMQF with PID 8720 (C:\Users\USER\eclipse-kakao\KakaoApiPj\bin\main started by USER in C:\Users\USER\eclipse-kakao\KakaoApiPj) 
2020:09:09 01:13:12.684 INFO  --- [main] kakao.KakaoApiPjApplication : The following profiles are active: local 
2020:09:09 01:13:14.122 INFO  --- [main] o.s.b.w.e.tomcat.TomcatWebServer : Tomcat initialized with port(s): 8080 (http) 
2020:09:09 01:13:14.139 INFO  --- [main] o.a.coyote.http11.Http11NioProtocol : Initializing ProtocolHandler ["http-nio-8080"] 
2020:09:09 01:13:14.141 INFO  --- [main] o.a.catalina.core.StandardService : Starting service [Tomcat] 
2020:09:09 01:13:14.141 INFO  --- [main] o.a.catalina.core.StandardEngine : Starting Servlet engine: [Apache Tomcat/9.0.37] 
2020:09:09 01:13:14.340 INFO  --- [main] o.a.c.c.C.[Tomcat].[localhost].[/] : Initializing Spring embedded WebApplicationContext 
2020:09:09 01:13:14.340 INFO  --- [main] o.s.b.w.s.c.ServletWebServerApplicationContext : Root WebApplicationContext: initialization completed in 1599 ms 
2020:09:09 01:13:14.654 INFO  --- [main] o.s.s.c.ThreadPoolTaskExecutor : Initializing ExecutorService 'applicationTaskExecutor' 
2020:09:09 01:13:14.996 INFO  --- [main] o.a.coyote.http11.Http11NioProtocol : Starting ProtocolHandler ["http-nio-8080"] 
2020:09:09 01:13:15.042 INFO  --- [main] o.s.b.w.e.tomcat.TomcatWebServer : Tomcat started on port(s): 8080 (http) with context path '' 
2020:09:09 01:13:15.063 INFO  --- [main] kakao.KakaoApiPjApplication : Started KakaoApiPjApplication in 3.222 seconds (JVM running for 5.637) 
2020:09:09 01:13:18.000 INFO  --- [http-nio-8080-exec-1] o.a.c.c.C.[Tomcat].[localhost].[/] : Initializing Spring DispatcherServlet 'dispatcherServlet' 
2020:09:09 01:13:18.001 INFO  --- [http-nio-8080-exec-1] o.s.web.servlet.DispatcherServlet : Initializing Servlet 'dispatcherServlet' 
2020:09:09 01:13:18.011 INFO  --- [http-nio-8080-exec-1] o.s.web.servlet.DispatcherServlet : Completed initialization in 9 ms 
2020:09:09 01:13:18.194 INFO  --- [http-nio-8080-exec-1] kakao.controller.KakaoTest : 2020090802314217191401 
2020:09:09 01:13:20.774 INFO  --- [http-nio-8080-exec-1] kakao.controller.KakaoTest : 0 
2020:09:09 01:13:20.785 INFO  --- [http-nio-8080-exec-1] kakao.controller.KakaoTest :  
2020:09:09 01:37:38.403 INFO  --- [RMI TCP Connection(28)-127.0.0.1] o.s.b.a.SpringApplicationAdminMXBeanRegistrar$SpringApplicationAdmin : Application shutdown requested. 
2020:09:09 01:37:39.265 INFO  --- [RMI TCP Connection(28)-127.0.0.1] o.s.s.c.ThreadPoolTaskExecutor : Shutting down ExecutorService 'applicationTaskExecutor' 
2020:09:09 01:37:45.321 INFO  --- [main] kakao.KakaoApiPjApplication : Starting KakaoApiPjApplication on LAPTOP-5441OMQF with PID 15328 (C:\Users\USER\eclipse-kakao\KakaoApiPj\bin\main started by USER in C:\Users\USER\eclipse-kakao\KakaoApiPj) 
2020:09:09 01:37:45.325 INFO  --- [main] kakao.KakaoApiPjApplication : The following profiles are active: local 
2020:09:09 01:37:46.931 INFO  --- [main] o.s.b.w.e.tomcat.TomcatWebServer : Tomcat initialized with port(s): 8080 (http) 
2020:09:09 01:37:46.947 INFO  --- [main] o.a.coyote.http11.Http11NioProtocol : Initializing ProtocolHandler ["http-nio-8080"] 
2020:09:09 01:37:46.949 INFO  --- [main] o.a.catalina.core.StandardService : Starting service [Tomcat] 
2020:09:09 01:37:46.951 INFO  --- [main] o.a.catalina.core.StandardEngine : Starting Servlet engine: [Apache Tomcat/9.0.37] 
2020:09:09 01:37:47.112 INFO  --- [main] o.a.c.c.C.[Tomcat].[localhost].[/] : Initializing Spring embedded WebApplicationContext 
2020:09:09 01:37:47.113 INFO  --- [main] o.s.b.w.s.c.ServletWebServerApplicationContext : Root WebApplicationContext: initialization completed in 1716 ms 
2020:09:09 01:37:47.410 INFO  --- [main] o.s.s.c.ThreadPoolTaskExecutor : Initializing ExecutorService 'applicationTaskExecutor' 
2020:09:09 01:37:47.728 INFO  --- [main] o.a.coyote.http11.Http11NioProtocol : Starting ProtocolHandler ["http-nio-8080"] 
2020:09:09 01:37:47.774 INFO  --- [main] o.s.b.w.e.tomcat.TomcatWebServer : Tomcat started on port(s): 8080 (http) with context path '' 
2020:09:09 01:37:47.795 INFO  --- [main] kakao.KakaoApiPjApplication : Started KakaoApiPjApplication in 3.288 seconds (JVM running for 5.564) 
2020:09:09 01:37:51.939 INFO  --- [http-nio-8080-exec-2] o.a.c.c.C.[Tomcat].[localhost].[/] : Initializing Spring DispatcherServlet 'dispatcherServlet' 
2020:09:09 01:37:51.940 INFO  --- [http-nio-8080-exec-2] o.s.web.servlet.DispatcherServlet : Initializing Servlet 'dispatcherServlet' 
2020:09:09 01:37:51.949 INFO  --- [http-nio-8080-exec-2] o.s.web.servlet.DispatcherServlet : Completed initialization in 9 ms 
2020:09:09 01:37:52.112 INFO  --- [http-nio-8080-exec-2] kakao.controller.KakaoTest : 2020090802314217191401 
2020:09:09 01:37:54.131 INFO  --- [http-nio-8080-exec-2] kakao.controller.KakaoTest : java.lang.NullPointerException 
2020:09:09 01:39:22.348 INFO  --- [RMI TCP Connection(4)-127.0.0.1] o.s.b.a.SpringApplicationAdminMXBeanRegistrar$SpringApplicationAdmin : Application shutdown requested. 
2020:09:09 01:39:23.215 INFO  --- [RMI TCP Connection(4)-127.0.0.1] o.s.s.c.ThreadPoolTaskExecutor : Shutting down ExecutorService 'applicationTaskExecutor' 
2020:09:09 01:39:28.017 INFO  --- [main] kakao.KakaoApiPjApplication : Starting KakaoApiPjApplication on LAPTOP-5441OMQF with PID 14272 (C:\Users\USER\eclipse-kakao\KakaoApiPj\bin\main started by USER in C:\Users\USER\eclipse-kakao\KakaoApiPj) 
2020:09:09 01:39:28.021 INFO  --- [main] kakao.KakaoApiPjApplication : The following profiles are active: local 
2020:09:09 01:39:29.435 INFO  --- [main] o.s.b.w.e.tomcat.TomcatWebServer : Tomcat initialized with port(s): 8080 (http) 
2020:09:09 01:39:29.448 INFO  --- [main] o.a.coyote.http11.Http11NioProtocol : Initializing ProtocolHandler ["http-nio-8080"] 
2020:09:09 01:39:29.450 INFO  --- [main] o.a.catalina.core.StandardService : Starting service [Tomcat] 
2020:09:09 01:39:29.451 INFO  --- [main] o.a.catalina.core.StandardEngine : Starting Servlet engine: [Apache Tomcat/9.0.37] 
2020:09:09 01:39:29.606 INFO  --- [main] o.a.c.c.C.[Tomcat].[localhost].[/] : Initializing Spring embedded WebApplicationContext 
2020:09:09 01:39:29.606 INFO  --- [main] o.s.b.w.s.c.ServletWebServerApplicationContext : Root WebApplicationContext: initialization completed in 1523 ms 
2020:09:09 01:39:29.930 INFO  --- [main] o.s.s.c.ThreadPoolTaskExecutor : Initializing ExecutorService 'applicationTaskExecutor' 
2020:09:09 01:39:30.231 INFO  --- [main] o.a.coyote.http11.Http11NioProtocol : Starting ProtocolHandler ["http-nio-8080"] 
2020:09:09 01:39:30.266 INFO  --- [main] o.s.b.w.e.tomcat.TomcatWebServer : Tomcat started on port(s): 8080 (http) with context path '' 
2020:09:09 01:39:30.284 INFO  --- [main] kakao.KakaoApiPjApplication : Started KakaoApiPjApplication in 3.115 seconds (JVM running for 5.647) 
2020:09:09 01:39:38.972 INFO  --- [http-nio-8080-exec-2] o.a.c.c.C.[Tomcat].[localhost].[/] : Initializing Spring DispatcherServlet 'dispatcherServlet' 
2020:09:09 01:39:38.973 INFO  --- [http-nio-8080-exec-2] o.s.web.servlet.DispatcherServlet : Initializing Servlet 'dispatcherServlet' 
2020:09:09 01:39:38.981 INFO  --- [http-nio-8080-exec-2] o.s.web.servlet.DispatcherServlet : Completed initialization in 8 ms 
2020:09:09 01:39:39.155 INFO  --- [http-nio-8080-exec-2] kakao.controller.KakaoTest : 2020090802314217191401 
2020:09:09 01:39:41.738 INFO  --- [http-nio-8080-exec-2] kakao.controller.KakaoTest : java.lang.NullPointerException 
2020:09:09 01:41:31.402 INFO  --- [RMI TCP Connection(4)-127.0.0.1] o.s.b.a.SpringApplicationAdminMXBeanRegistrar$SpringApplicationAdmin : Application shutdown requested. 
2020:09:09 01:41:32.315 INFO  --- [RMI TCP Connection(4)-127.0.0.1] o.s.s.c.ThreadPoolTaskExecutor : Shutting down ExecutorService 'applicationTaskExecutor' 
2020:09:09 01:41:59.708 INFO  --- [main] kakao.KakaoApiPjApplication : Starting KakaoApiPjApplication on LAPTOP-5441OMQF with PID 4516 (C:\Users\USER\eclipse-kakao\KakaoApiPj\bin\main started by USER in C:\Users\USER\eclipse-kakao\KakaoApiPj) 
2020:09:09 01:41:59.715 INFO  --- [main] kakao.KakaoApiPjApplication : The following profiles are active: local 
2020:09:09 01:42:01.901 INFO  --- [main] o.s.b.w.e.tomcat.TomcatWebServer : Tomcat initialized with port(s): 8080 (http) 
2020:09:09 01:42:01.916 INFO  --- [main] o.a.coyote.http11.Http11NioProtocol : Initializing ProtocolHandler ["http-nio-8080"] 
2020:09:09 01:42:01.918 INFO  --- [main] o.a.catalina.core.StandardService : Starting service [Tomcat] 
2020:09:09 01:42:01.919 INFO  --- [main] o.a.catalina.core.StandardEngine : Starting Servlet engine: [Apache Tomcat/9.0.37] 
2020:09:09 01:42:02.126 INFO  --- [main] o.a.c.c.C.[Tomcat].[localhost].[/] : Initializing Spring embedded WebApplicationContext 
2020:09:09 01:42:02.127 INFO  --- [main] o.s.b.w.s.c.ServletWebServerApplicationContext : Root WebApplicationContext: initialization completed in 2305 ms 
2020:09:09 01:42:02.675 INFO  --- [main] o.s.s.c.ThreadPoolTaskExecutor : Initializing ExecutorService 'applicationTaskExecutor' 
2020:09:09 01:42:03.109 INFO  --- [main] o.a.coyote.http11.Http11NioProtocol : Starting ProtocolHandler ["http-nio-8080"] 
2020:09:09 01:42:03.171 INFO  --- [main] o.s.b.w.e.tomcat.TomcatWebServer : Tomcat started on port(s): 8080 (http) with context path '' 
2020:09:09 01:42:03.200 INFO  --- [main] kakao.KakaoApiPjApplication : Started KakaoApiPjApplication in 4.677 seconds (JVM running for 7.121) 
2020:09:09 01:42:04.935 INFO  --- [http-nio-8080-exec-2] o.a.c.c.C.[Tomcat].[localhost].[/] : Initializing Spring DispatcherServlet 'dispatcherServlet' 
2020:09:09 01:42:04.936 INFO  --- [http-nio-8080-exec-2] o.s.web.servlet.DispatcherServlet : Initializing Servlet 'dispatcherServlet' 
2020:09:09 01:42:04.946 INFO  --- [http-nio-8080-exec-2] o.s.web.servlet.DispatcherServlet : Completed initialization in 9 ms 
2020:09:09 01:42:05.126 INFO  --- [http-nio-8080-exec-2] kakao.controller.KakaoTest : 2020090802314217191401 
2020:09:09 01:42:06.963 INFO  --- [http-nio-8080-exec-2] kakao.controller.KakaoTest : A0 
2020:09:09 01:42:06.969 INFO  --- [http-nio-8080-exec-2] kakao.controller.KakaoTest : A0 
2020:09:09 01:49:22.985 INFO  --- [RMI TCP Connection(11)-127.0.0.1] o.s.b.a.SpringApplicationAdminMXBeanRegistrar$SpringApplicationAdmin : Application shutdown requested. 
2020:09:09 01:49:23.897 INFO  --- [RMI TCP Connection(11)-127.0.0.1] o.s.s.c.ThreadPoolTaskExecutor : Shutting down ExecutorService 'applicationTaskExecutor' 
2020:09:09 01:49:30.207 INFO  --- [main] kakao.KakaoApiPjApplication : Starting KakaoApiPjApplication on LAPTOP-5441OMQF with PID 12860 (C:\Users\USER\eclipse-kakao\KakaoApiPj\bin\main started by USER in C:\Users\USER\eclipse-kakao\KakaoApiPj) 
2020:09:09 01:49:30.211 INFO  --- [main] kakao.KakaoApiPjApplication : The following profiles are active: local 
2020:09:09 01:49:31.602 INFO  --- [main] o.s.b.w.e.tomcat.TomcatWebServer : Tomcat initialized with port(s): 8080 (http) 
2020:09:09 01:49:31.615 INFO  --- [main] o.a.coyote.http11.Http11NioProtocol : Initializing ProtocolHandler ["http-nio-8080"] 
2020:09:09 01:49:31.617 INFO  --- [main] o.a.catalina.core.StandardService : Starting service [Tomcat] 
2020:09:09 01:49:31.617 INFO  --- [main] o.a.catalina.core.StandardEngine : Starting Servlet engine: [Apache Tomcat/9.0.37] 
2020:09:09 01:49:31.785 INFO  --- [main] o.a.c.c.C.[Tomcat].[localhost].[/] : Initializing Spring embedded WebApplicationContext 
2020:09:09 01:49:31.786 INFO  --- [main] o.s.b.w.s.c.ServletWebServerApplicationContext : Root WebApplicationContext: initialization completed in 1528 ms 
2020:09:09 01:49:32.131 INFO  --- [main] o.s.s.c.ThreadPoolTaskExecutor : Initializing ExecutorService 'applicationTaskExecutor' 
2020:09:09 01:49:32.579 INFO  --- [main] o.a.coyote.http11.Http11NioProtocol : Starting ProtocolHandler ["http-nio-8080"] 
2020:09:09 01:49:32.621 INFO  --- [main] o.s.b.w.e.tomcat.TomcatWebServer : Tomcat started on port(s): 8080 (http) with context path '' 
2020:09:09 01:49:32.642 INFO  --- [main] kakao.KakaoApiPjApplication : Started KakaoApiPjApplication in 3.14 seconds (JVM running for 5.503) 
2020:09:09 01:49:35.030 INFO  --- [http-nio-8080-exec-1] o.a.c.c.C.[Tomcat].[localhost].[/] : Initializing Spring DispatcherServlet 'dispatcherServlet' 
2020:09:09 01:49:35.031 INFO  --- [http-nio-8080-exec-1] o.s.web.servlet.DispatcherServlet : Initializing Servlet 'dispatcherServlet' 
2020:09:09 01:49:35.041 INFO  --- [http-nio-8080-exec-1] o.s.web.servlet.DispatcherServlet : Completed initialization in 10 ms 
2020:09:09 01:49:35.294 INFO  --- [http-nio-8080-exec-1] kakao.controller.KakaoTest : 2020090802314217191401 
2020:09:09 01:49:37.745 INFO  --- [http-nio-8080-exec-1] kakao.controller.KakaoTest : A0 
2020:09:09 01:49:37.754 INFO  --- [http-nio-8080-exec-1] kakao.controller.KakaoTest : 标车 
2020:09:09 01:49:55.817 INFO  --- [RMI TCP Connection(2)-127.0.0.1] o.s.b.a.SpringApplicationAdminMXBeanRegistrar$SpringApplicationAdmin : Application shutdown requested. 
2020:09:09 01:49:57.073 INFO  --- [RMI TCP Connection(2)-127.0.0.1] o.s.s.c.ThreadPoolTaskExecutor : Shutting down ExecutorService 'applicationTaskExecutor' 
2020:09:09 01:50:02.527 INFO  --- [main] kakao.KakaoApiPjApplication : Starting KakaoApiPjApplication on LAPTOP-5441OMQF with PID 9260 (C:\Users\USER\eclipse-kakao\KakaoApiPj\bin\main started by USER in C:\Users\USER\eclipse-kakao\KakaoApiPj) 
2020:09:09 01:50:02.534 INFO  --- [main] kakao.KakaoApiPjApplication : The following profiles are active: local 
2020:09:09 01:50:09.449 INFO  --- [main] kakao.KakaoApiPjApplication : Starting KakaoApiPjApplication on LAPTOP-5441OMQF with PID 14488 (C:\Users\USER\eclipse-kakao\KakaoApiPj\bin\main started by USER in C:\Users\USER\eclipse-kakao\KakaoApiPj) 
2020:09:09 01:50:09.453 INFO  --- [main] kakao.KakaoApiPjApplication : The following profiles are active: local 
2020:09:09 01:50:10.908 INFO  --- [main] o.s.b.w.e.tomcat.TomcatWebServer : Tomcat initialized with port(s): 8080 (http) 
2020:09:09 01:50:10.923 INFO  --- [main] o.a.coyote.http11.Http11NioProtocol : Initializing ProtocolHandler ["http-nio-8080"] 
2020:09:09 01:50:10.924 INFO  --- [main] o.a.catalina.core.StandardService : Starting service [Tomcat] 
2020:09:09 01:50:10.925 INFO  --- [main] o.a.catalina.core.StandardEngine : Starting Servlet engine: [Apache Tomcat/9.0.37] 
2020:09:09 01:50:11.090 INFO  --- [main] o.a.c.c.C.[Tomcat].[localhost].[/] : Initializing Spring embedded WebApplicationContext 
2020:09:09 01:50:11.090 INFO  --- [main] o.s.b.w.s.c.ServletWebServerApplicationContext : Root WebApplicationContext: initialization completed in 1591 ms 
2020:09:09 01:50:11.382 INFO  --- [main] o.s.s.c.ThreadPoolTaskExecutor : Initializing ExecutorService 'applicationTaskExecutor' 
2020:09:09 01:50:11.689 INFO  --- [main] o.a.coyote.http11.Http11NioProtocol : Starting ProtocolHandler ["http-nio-8080"] 
2020:09:09 01:50:11.723 INFO  --- [main] o.s.b.w.e.tomcat.TomcatWebServer : Tomcat started on port(s): 8080 (http) with context path '' 
2020:09:09 01:50:11.739 INFO  --- [main] kakao.KakaoApiPjApplication : Started KakaoApiPjApplication in 2.944 seconds (JVM running for 5.093) 
2020:09:09 01:50:14.871 INFO  --- [http-nio-8080-exec-2] o.a.c.c.C.[Tomcat].[localhost].[/] : Initializing Spring DispatcherServlet 'dispatcherServlet' 
2020:09:09 01:50:14.872 INFO  --- [http-nio-8080-exec-2] o.s.web.servlet.DispatcherServlet : Initializing Servlet 'dispatcherServlet' 
2020:09:09 01:50:14.884 INFO  --- [http-nio-8080-exec-2] o.s.web.servlet.DispatcherServlet : Completed initialization in 11 ms 
2020:09:09 01:50:15.061 INFO  --- [http-nio-8080-exec-2] kakao.controller.KakaoTest : 2020090802314217191401 
2020:09:09 01:50:17.203 INFO  --- [http-nio-8080-exec-2] kakao.controller.KakaoTest : A0 
2020:09:09 01:50:17.221 INFO  --- [http-nio-8080-exec-2] kakao.controller.KakaoTest : java.lang.IllegalArgumentException: No enum constant kakao.ReportMsgRsltCode.B00 
2020:09:09 01:50:41.451 INFO  --- [RMI TCP Connection(2)-127.0.0.1] o.s.b.a.SpringApplicationAdminMXBeanRegistrar$SpringApplicationAdmin : Application shutdown requested. 
2020:09:09 01:50:42.441 INFO  --- [RMI TCP Connection(2)-127.0.0.1] o.s.s.c.ThreadPoolTaskExecutor : Shutting down ExecutorService 'applicationTaskExecutor' 
2020:09:09 01:50:47.028 INFO  --- [main] kakao.KakaoApiPjApplication : Starting KakaoApiPjApplication on LAPTOP-5441OMQF with PID 6284 (C:\Users\USER\eclipse-kakao\KakaoApiPj\bin\main started by USER in C:\Users\USER\eclipse-kakao\KakaoApiPj) 
2020:09:09 01:50:47.033 INFO  --- [main] kakao.KakaoApiPjApplication : The following profiles are active: local 
2020:09:09 01:50:48.541 INFO  --- [main] o.s.b.w.e.tomcat.TomcatWebServer : Tomcat initialized with port(s): 8080 (http) 
2020:09:09 01:50:48.555 INFO  --- [main] o.a.coyote.http11.Http11NioProtocol : Initializing ProtocolHandler ["http-nio-8080"] 
2020:09:09 01:50:48.557 INFO  --- [main] o.a.catalina.core.StandardService : Starting service [Tomcat] 
2020:09:09 01:50:48.558 INFO  --- [main] o.a.catalina.core.StandardEngine : Starting Servlet engine: [Apache Tomcat/9.0.37] 
2020:09:09 01:50:48.708 INFO  --- [main] o.a.c.c.C.[Tomcat].[localhost].[/] : Initializing Spring embedded WebApplicationContext 
2020:09:09 01:50:48.709 INFO  --- [main] o.s.b.w.s.c.ServletWebServerApplicationContext : Root WebApplicationContext: initialization completed in 1592 ms 
2020:09:09 01:50:48.993 INFO  --- [main] o.s.s.c.ThreadPoolTaskExecutor : Initializing ExecutorService 'applicationTaskExecutor' 
2020:09:09 01:50:49.288 INFO  --- [main] o.a.coyote.http11.Http11NioProtocol : Starting ProtocolHandler ["http-nio-8080"] 
2020:09:09 01:50:49.315 INFO  --- [main] o.s.b.w.e.tomcat.TomcatWebServer : Tomcat started on port(s): 8080 (http) with context path '' 
2020:09:09 01:50:49.328 INFO  --- [main] kakao.KakaoApiPjApplication : Started KakaoApiPjApplication in 3.061 seconds (JVM running for 5.073) 
2020:09:09 01:50:57.589 INFO  --- [http-nio-8080-exec-2] o.a.c.c.C.[Tomcat].[localhost].[/] : Initializing Spring DispatcherServlet 'dispatcherServlet' 
2020:09:09 01:50:57.590 INFO  --- [http-nio-8080-exec-2] o.s.web.servlet.DispatcherServlet : Initializing Servlet 'dispatcherServlet' 
2020:09:09 01:50:57.601 INFO  --- [http-nio-8080-exec-2] o.s.web.servlet.DispatcherServlet : Completed initialization in 10 ms 
2020:09:09 01:50:57.771 INFO  --- [http-nio-8080-exec-2] kakao.controller.KakaoTest : 2020090802314217191401 
2020:09:09 01:50:59.646 INFO  --- [http-nio-8080-exec-2] kakao.controller.KakaoTest : A0 
2020:09:09 01:50:59.656 INFO  --- [http-nio-8080-exec-2] kakao.controller.KakaoTest : java.lang.IllegalArgumentException: No enum constant kakao.ReportMsgRsltCode.B00 
2020:09:09 01:51:43.858 INFO  --- [RMI TCP Connection(4)-127.0.0.1] o.s.b.a.SpringApplicationAdminMXBeanRegistrar$SpringApplicationAdmin : Application shutdown requested. 
2020:09:09 01:51:44.666 INFO  --- [RMI TCP Connection(4)-127.0.0.1] o.s.s.c.ThreadPoolTaskExecutor : Shutting down ExecutorService 'applicationTaskExecutor' 
2020:09:09 01:51:49.879 INFO  --- [main] kakao.KakaoApiPjApplication : Starting KakaoApiPjApplication on LAPTOP-5441OMQF with PID 9608 (C:\Users\USER\eclipse-kakao\KakaoApiPj\bin\main started by USER in C:\Users\USER\eclipse-kakao\KakaoApiPj) 
2020:09:09 01:51:49.884 INFO  --- [main] kakao.KakaoApiPjApplication : The following profiles are active: local 
2020:09:09 01:51:51.792 INFO  --- [main] o.s.b.w.e.tomcat.TomcatWebServer : Tomcat initialized with port(s): 8080 (http) 
2020:09:09 01:51:51.808 INFO  --- [main] o.a.coyote.http11.Http11NioProtocol : Initializing ProtocolHandler ["http-nio-8080"] 
2020:09:09 01:51:51.809 INFO  --- [main] o.a.catalina.core.StandardService : Starting service [Tomcat] 
2020:09:09 01:51:51.810 INFO  --- [main] o.a.catalina.core.StandardEngine : Starting Servlet engine: [Apache Tomcat/9.0.37] 
2020:09:09 01:51:52.004 INFO  --- [main] o.a.c.c.C.[Tomcat].[localhost].[/] : Initializing Spring embedded WebApplicationContext 
2020:09:09 01:51:52.004 INFO  --- [main] o.s.b.w.s.c.ServletWebServerApplicationContext : Root WebApplicationContext: initialization completed in 2015 ms 
2020:09:09 01:51:52.354 INFO  --- [main] o.s.s.c.ThreadPoolTaskExecutor : Initializing ExecutorService 'applicationTaskExecutor' 
2020:09:09 01:51:52.823 INFO  --- [main] o.a.coyote.http11.Http11NioProtocol : Starting ProtocolHandler ["http-nio-8080"] 
2020:09:09 01:51:52.884 INFO  --- [main] o.s.b.w.e.tomcat.TomcatWebServer : Tomcat started on port(s): 8080 (http) with context path '' 
2020:09:09 01:51:52.911 INFO  --- [main] kakao.KakaoApiPjApplication : Started KakaoApiPjApplication in 4.07 seconds (JVM running for 6.52) 
2020:09:09 01:52:00.351 INFO  --- [http-nio-8080-exec-2] o.a.c.c.C.[Tomcat].[localhost].[/] : Initializing Spring DispatcherServlet 'dispatcherServlet' 
2020:09:09 01:52:00.352 INFO  --- [http-nio-8080-exec-2] o.s.web.servlet.DispatcherServlet : Initializing Servlet 'dispatcherServlet' 
2020:09:09 01:52:00.362 INFO  --- [http-nio-8080-exec-2] o.s.web.servlet.DispatcherServlet : Completed initialization in 10 ms 
2020:09:09 01:52:00.543 INFO  --- [http-nio-8080-exec-2] kakao.controller.KakaoTest : 2020090802314217191401 
2020:09:09 01:52:02.700 INFO  --- [http-nio-8080-exec-2] kakao.controller.KakaoTest : A0 
2020:09:09 01:52:02.713 INFO  --- [http-nio-8080-exec-2] kakao.controller.KakaoTest : 标车 
