2020:09:08 01:17:17.383 INFO  --- [main] kakao.KakaoApiPjApplication : Starting KakaoApiPjApplication on LAPTOP-5441OMQF with PID 14224 (C:\Users\USER\eclipse-kakao\KakaoApiPj\bin\main started by USER in C:\Users\USER\eclipse-kakao\KakaoApiPj) 
2020:09:08 01:17:17.385 INFO  --- [main] kakao.KakaoApiPjApplication : The following profiles are active: local 
2020:09:08 01:17:18.158 INFO  --- [main] o.s.b.w.e.tomcat.TomcatWebServer : Tomcat initialized with port(s): 8080 (http) 
2020:09:08 01:17:18.166 INFO  --- [main] o.a.coyote.http11.Http11NioProtocol : Initializing ProtocolHandler ["http-nio-8080"] 
2020:09:08 01:17:18.167 INFO  --- [main] o.a.catalina.core.StandardService : Starting service [Tomcat] 
2020:09:08 01:17:18.167 INFO  --- [main] o.a.catalina.core.StandardEngine : Starting Servlet engine: [Apache Tomcat/9.0.37] 
2020:09:08 01:17:18.247 INFO  --- [main] o.a.c.c.C.[Tomcat].[localhost].[/] : Initializing Spring embedded WebApplicationContext 
2020:09:08 01:17:18.247 INFO  --- [main] o.s.b.w.s.c.ServletWebServerApplicationContext : Root WebApplicationContext: initialization completed in 824 ms 
2020:09:08 01:17:18.400 INFO  --- [main] o.s.s.c.ThreadPoolTaskExecutor : Initializing ExecutorService 'applicationTaskExecutor' 
2020:09:08 01:17:18.565 INFO  --- [main] o.a.coyote.http11.Http11NioProtocol : Starting ProtocolHandler ["http-nio-8080"] 
2020:09:08 01:17:18.585 INFO  --- [main] o.s.b.w.e.tomcat.TomcatWebServer : Tomcat started on port(s): 8080 (http) with context path '' 
2020:09:08 01:17:18.593 INFO  --- [main] kakao.KakaoApiPjApplication : Started KakaoApiPjApplication in 1.682 seconds (JVM running for 2.854) 
2020:09:08 01:17:22.723 INFO  --- [http-nio-8080-exec-3] o.a.c.c.C.[Tomcat].[localhost].[/] : Initializing Spring DispatcherServlet 'dispatcherServlet' 
2020:09:08 01:17:22.723 INFO  --- [http-nio-8080-exec-3] o.s.web.servlet.DispatcherServlet : Initializing Servlet 'dispatcherServlet' 
2020:09:08 01:17:22.730 INFO  --- [http-nio-8080-exec-3] o.s.web.servlet.DispatcherServlet : Completed initialization in 7 ms 
2020:09:08 01:17:22.804 INFO  --- [http-nio-8080-exec-3] kakao.controller.KakaoTest : 2020090414471652670701 
2020:09:08 01:34:52.573 INFO  --- [RMI TCP Connection(22)-127.0.0.1] o.s.b.a.SpringApplicationAdminMXBeanRegistrar$SpringApplicationAdmin : Application shutdown requested. 
2020:09:08 01:34:52.967 INFO  --- [RMI TCP Connection(22)-127.0.0.1] o.s.s.c.ThreadPoolTaskExecutor : Shutting down ExecutorService 'applicationTaskExecutor' 
2020:09:08 01:34:57.494 INFO  --- [main] kakao.KakaoApiPjApplication : Starting KakaoApiPjApplication on LAPTOP-5441OMQF with PID 7216 (C:\Users\USER\eclipse-kakao\KakaoApiPj\bin\main started by USER in C:\Users\USER\eclipse-kakao\KakaoApiPj) 
2020:09:08 01:34:57.496 INFO  --- [main] kakao.KakaoApiPjApplication : The following profiles are active: local 
2020:09:08 01:34:58.243 INFO  --- [main] o.s.b.w.e.tomcat.TomcatWebServer : Tomcat initialized with port(s): 8080 (http) 
2020:09:08 01:34:58.253 INFO  --- [main] o.a.coyote.http11.Http11NioProtocol : Initializing ProtocolHandler ["http-nio-8080"] 
2020:09:08 01:34:58.254 INFO  --- [main] o.a.catalina.core.StandardService : Starting service [Tomcat] 
2020:09:08 01:34:58.254 INFO  --- [main] o.a.catalina.core.StandardEngine : Starting Servlet engine: [Apache Tomcat/9.0.37] 
2020:09:08 01:34:58.335 INFO  --- [main] o.a.c.c.C.[Tomcat].[localhost].[/] : Initializing Spring embedded WebApplicationContext 
2020:09:08 01:34:58.335 INFO  --- [main] o.s.b.w.s.c.ServletWebServerApplicationContext : Root WebApplicationContext: initialization completed in 807 ms 
2020:09:08 01:34:58.486 INFO  --- [main] o.s.s.c.ThreadPoolTaskExecutor : Initializing ExecutorService 'applicationTaskExecutor' 
2020:09:08 01:34:58.643 INFO  --- [main] o.a.coyote.http11.Http11NioProtocol : Starting ProtocolHandler ["http-nio-8080"] 
2020:09:08 01:34:58.659 INFO  --- [main] o.s.b.w.e.tomcat.TomcatWebServer : Tomcat started on port(s): 8080 (http) with context path '' 
2020:09:08 01:34:58.667 INFO  --- [main] kakao.KakaoApiPjApplication : Started KakaoApiPjApplication in 1.572 seconds (JVM running for 2.454) 
2020:09:08 01:35:02.969 INFO  --- [http-nio-8080-exec-1] o.a.c.c.C.[Tomcat].[localhost].[/] : Initializing Spring DispatcherServlet 'dispatcherServlet' 
2020:09:08 01:35:02.969 INFO  --- [http-nio-8080-exec-1] o.s.web.servlet.DispatcherServlet : Initializing Servlet 'dispatcherServlet' 
2020:09:08 01:35:02.973 INFO  --- [http-nio-8080-exec-1] o.s.web.servlet.DispatcherServlet : Completed initialization in 4 ms 
2020:09:08 01:35:03.036 INFO  --- [http-nio-8080-exec-1] kakao.controller.KakaoTest : 2020090414471652670701 
2020:09:08 01:35:28.178 INFO  --- [RMI TCP Connection(2)-127.0.0.1] o.s.b.a.SpringApplicationAdminMXBeanRegistrar$SpringApplicationAdmin : Application shutdown requested. 
2020:09:08 01:35:28.551 INFO  --- [RMI TCP Connection(2)-127.0.0.1] o.s.s.c.ThreadPoolTaskExecutor : Shutting down ExecutorService 'applicationTaskExecutor' 
2020:09:08 01:35:31.964 INFO  --- [main] kakao.KakaoApiPjApplication : Starting KakaoApiPjApplication on LAPTOP-5441OMQF with PID 13972 (C:\Users\USER\eclipse-kakao\KakaoApiPj\bin\main started by USER in C:\Users\USER\eclipse-kakao\KakaoApiPj) 
2020:09:08 01:35:31.973 INFO  --- [main] kakao.KakaoApiPjApplication : The following profiles are active: local 
2020:09:08 01:35:32.659 INFO  --- [main] o.s.b.w.e.tomcat.TomcatWebServer : Tomcat initialized with port(s): 8080 (http) 
2020:09:08 01:35:32.667 INFO  --- [main] o.a.coyote.http11.Http11NioProtocol : Initializing ProtocolHandler ["http-nio-8080"] 
2020:09:08 01:35:32.668 INFO  --- [main] o.a.catalina.core.StandardService : Starting service [Tomcat] 
2020:09:08 01:35:32.668 INFO  --- [main] o.a.catalina.core.StandardEngine : Starting Servlet engine: [Apache Tomcat/9.0.37] 
2020:09:08 01:35:32.746 INFO  --- [main] o.a.c.c.C.[Tomcat].[localhost].[/] : Initializing Spring embedded WebApplicationContext 
2020:09:08 01:35:32.746 INFO  --- [main] o.s.b.w.s.c.ServletWebServerApplicationContext : Root WebApplicationContext: initialization completed in 741 ms 
2020:09:08 01:35:32.896 INFO  --- [main] o.s.s.c.ThreadPoolTaskExecutor : Initializing ExecutorService 'applicationTaskExecutor' 
2020:09:08 01:35:33.056 INFO  --- [main] o.a.coyote.http11.Http11NioProtocol : Starting ProtocolHandler ["http-nio-8080"] 
2020:09:08 01:35:33.072 INFO  --- [main] o.s.b.w.e.tomcat.TomcatWebServer : Tomcat started on port(s): 8080 (http) with context path '' 
2020:09:08 01:35:33.079 INFO  --- [main] kakao.KakaoApiPjApplication : Started KakaoApiPjApplication in 1.492 seconds (JVM running for 2.366) 
2020:09:08 01:35:36.836 INFO  --- [http-nio-8080-exec-1] o.a.c.c.C.[Tomcat].[localhost].[/] : Initializing Spring DispatcherServlet 'dispatcherServlet' 
2020:09:08 01:35:36.837 INFO  --- [http-nio-8080-exec-1] o.s.web.servlet.DispatcherServlet : Initializing Servlet 'dispatcherServlet' 
2020:09:08 01:35:36.840 INFO  --- [http-nio-8080-exec-1] o.s.web.servlet.DispatcherServlet : Completed initialization in 3 ms 
2020:09:08 01:35:36.903 INFO  --- [http-nio-8080-exec-1] kakao.controller.KakaoTest : 2020090414471652670701 
2020:09:08 01:41:45.457 INFO  --- [RMI TCP Connection(9)-127.0.0.1] o.s.b.a.SpringApplicationAdminMXBeanRegistrar$SpringApplicationAdmin : Application shutdown requested. 
2020:09:08 01:41:45.838 INFO  --- [RMI TCP Connection(9)-127.0.0.1] o.s.s.c.ThreadPoolTaskExecutor : Shutting down ExecutorService 'applicationTaskExecutor' 
2020:09:08 01:41:48.218 INFO  --- [main] kakao.KakaoApiPjApplication : Starting KakaoApiPjApplication on LAPTOP-5441OMQF with PID 944 (C:\Users\USER\eclipse-kakao\KakaoApiPj\bin\main started by USER in C:\Users\USER\eclipse-kakao\KakaoApiPj) 
2020:09:08 01:41:48.220 INFO  --- [main] kakao.KakaoApiPjApplication : The following profiles are active: local 
2020:09:08 01:41:48.885 INFO  --- [main] o.s.b.w.e.tomcat.TomcatWebServer : Tomcat initialized with port(s): 8080 (http) 
2020:09:08 01:41:48.893 INFO  --- [main] o.a.coyote.http11.Http11NioProtocol : Initializing ProtocolHandler ["http-nio-8080"] 
2020:09:08 01:41:48.893 INFO  --- [main] o.a.catalina.core.StandardService : Starting service [Tomcat] 
2020:09:08 01:41:48.894 INFO  --- [main] o.a.catalina.core.StandardEngine : Starting Servlet engine: [Apache Tomcat/9.0.37] 
2020:09:08 01:41:48.977 INFO  --- [main] o.a.c.c.C.[Tomcat].[localhost].[/] : Initializing Spring embedded WebApplicationContext 
2020:09:08 01:41:48.978 INFO  --- [main] o.s.b.w.s.c.ServletWebServerApplicationContext : Root WebApplicationContext: initialization completed in 717 ms 
2020:09:08 01:41:49.127 INFO  --- [main] o.s.s.c.ThreadPoolTaskExecutor : Initializing ExecutorService 'applicationTaskExecutor' 
2020:09:08 01:41:49.275 INFO  --- [main] o.a.coyote.http11.Http11NioProtocol : Starting ProtocolHandler ["http-nio-8080"] 
2020:09:08 01:41:49.290 INFO  --- [main] o.s.b.w.e.tomcat.TomcatWebServer : Tomcat started on port(s): 8080 (http) with context path '' 
2020:09:08 01:41:49.297 INFO  --- [main] kakao.KakaoApiPjApplication : Started KakaoApiPjApplication in 1.463 seconds (JVM running for 2.306) 
2020:09:08 01:41:53.974 INFO  --- [http-nio-8080-exec-1] o.a.c.c.C.[Tomcat].[localhost].[/] : Initializing Spring DispatcherServlet 'dispatcherServlet' 
2020:09:08 01:41:53.975 INFO  --- [http-nio-8080-exec-1] o.s.web.servlet.DispatcherServlet : Initializing Servlet 'dispatcherServlet' 
2020:09:08 01:41:53.979 INFO  --- [http-nio-8080-exec-1] o.s.web.servlet.DispatcherServlet : Completed initialization in 4 ms 
2020:09:08 01:41:54.042 INFO  --- [http-nio-8080-exec-1] kakao.controller.KakaoTest : 2020090414471652670701 
2020:09:08 01:41:54.838 INFO  --- [http-nio-8080-exec-1] kakao.controller.KakaoTest : java.lang.IllegalArgumentException: No enum constant kakao.KakaoReportCode.0 
2020:09:08 01:42:42.339 INFO  --- [RMI TCP Connection(3)-127.0.0.1] o.s.b.a.SpringApplicationAdminMXBeanRegistrar$SpringApplicationAdmin : Application shutdown requested. 
2020:09:08 01:42:42.712 INFO  --- [RMI TCP Connection(3)-127.0.0.1] o.s.s.c.ThreadPoolTaskExecutor : Shutting down ExecutorService 'applicationTaskExecutor' 
2020:09:08 01:42:44.589 INFO  --- [main] kakao.KakaoApiPjApplication : Starting KakaoApiPjApplication on LAPTOP-5441OMQF with PID 13504 (C:\Users\USER\eclipse-kakao\KakaoApiPj\bin\main started by USER in C:\Users\USER\eclipse-kakao\KakaoApiPj) 
2020:09:08 01:42:44.592 INFO  --- [main] kakao.KakaoApiPjApplication : The following profiles are active: local 
2020:09:08 01:42:45.274 INFO  --- [main] o.s.b.w.e.tomcat.TomcatWebServer : Tomcat initialized with port(s): 8080 (http) 
2020:09:08 01:42:45.281 INFO  --- [main] o.a.coyote.http11.Http11NioProtocol : Initializing ProtocolHandler ["http-nio-8080"] 
2020:09:08 01:42:45.282 INFO  --- [main] o.a.catalina.core.StandardService : Starting service [Tomcat] 
2020:09:08 01:42:45.282 INFO  --- [main] o.a.catalina.core.StandardEngine : Starting Servlet engine: [Apache Tomcat/9.0.37] 
2020:09:08 01:42:45.358 INFO  --- [main] o.a.c.c.C.[Tomcat].[localhost].[/] : Initializing Spring embedded WebApplicationContext 
2020:09:08 01:42:45.359 INFO  --- [main] o.s.b.w.s.c.ServletWebServerApplicationContext : Root WebApplicationContext: initialization completed in 730 ms 
2020:09:08 01:42:45.496 INFO  --- [main] o.s.s.c.ThreadPoolTaskExecutor : Initializing ExecutorService 'applicationTaskExecutor' 
2020:09:08 01:42:45.648 INFO  --- [main] o.a.coyote.http11.Http11NioProtocol : Starting ProtocolHandler ["http-nio-8080"] 
2020:09:08 01:42:45.663 INFO  --- [main] o.s.b.w.e.tomcat.TomcatWebServer : Tomcat started on port(s): 8080 (http) with context path '' 
2020:09:08 01:42:45.669 INFO  --- [main] kakao.KakaoApiPjApplication : Started KakaoApiPjApplication in 1.448 seconds (JVM running for 2.289) 
2020:09:08 01:42:49.827 INFO  --- [http-nio-8080-exec-1] o.a.c.c.C.[Tomcat].[localhost].[/] : Initializing Spring DispatcherServlet 'dispatcherServlet' 
2020:09:08 01:42:49.828 INFO  --- [http-nio-8080-exec-1] o.s.web.servlet.DispatcherServlet : Initializing Servlet 'dispatcherServlet' 
2020:09:08 01:42:49.831 INFO  --- [http-nio-8080-exec-1] o.s.web.servlet.DispatcherServlet : Completed initialization in 3 ms 
2020:09:08 01:42:49.893 INFO  --- [http-nio-8080-exec-1] kakao.controller.KakaoTest : 2020090414471652670701 
2020:09:08 01:42:50.664 INFO  --- [http-nio-8080-exec-1] kakao.controller.KakaoTest : java.lang.IllegalArgumentException: No enum constant kakao.KakaoReportCode.0 
2020:09:08 01:44:22.224 INFO  --- [RMI TCP Connection(5)-127.0.0.1] o.s.b.a.SpringApplicationAdminMXBeanRegistrar$SpringApplicationAdmin : Application shutdown requested. 
2020:09:08 01:44:22.607 INFO  --- [RMI TCP Connection(5)-127.0.0.1] o.s.s.c.ThreadPoolTaskExecutor : Shutting down ExecutorService 'applicationTaskExecutor' 
2020:09:08 01:44:25.008 INFO  --- [main] kakao.KakaoApiPjApplication : Starting KakaoApiPjApplication on LAPTOP-5441OMQF with PID 12416 (C:\Users\USER\eclipse-kakao\KakaoApiPj\bin\main started by USER in C:\Users\USER\eclipse-kakao\KakaoApiPj) 
2020:09:08 01:44:25.010 INFO  --- [main] kakao.KakaoApiPjApplication : The following profiles are active: local 
2020:09:08 01:44:25.662 INFO  --- [main] o.s.b.w.e.tomcat.TomcatWebServer : Tomcat initialized with port(s): 8080 (http) 
2020:09:08 01:44:25.669 INFO  --- [main] o.a.coyote.http11.Http11NioProtocol : Initializing ProtocolHandler ["http-nio-8080"] 
2020:09:08 01:44:25.670 INFO  --- [main] o.a.catalina.core.StandardService : Starting service [Tomcat] 
2020:09:08 01:44:25.670 INFO  --- [main] o.a.catalina.core.StandardEngine : Starting Servlet engine: [Apache Tomcat/9.0.37] 
2020:09:08 01:44:25.743 INFO  --- [main] o.a.c.c.C.[Tomcat].[localhost].[/] : Initializing Spring embedded WebApplicationContext 
2020:09:08 01:44:25.744 INFO  --- [main] o.s.b.w.s.c.ServletWebServerApplicationContext : Root WebApplicationContext: initialization completed in 696 ms 
2020:09:08 01:44:25.887 INFO  --- [main] o.s.s.c.ThreadPoolTaskExecutor : Initializing ExecutorService 'applicationTaskExecutor' 
2020:09:08 01:44:26.039 INFO  --- [main] o.a.coyote.http11.Http11NioProtocol : Starting ProtocolHandler ["http-nio-8080"] 
2020:09:08 01:44:26.054 INFO  --- [main] o.s.b.w.e.tomcat.TomcatWebServer : Tomcat started on port(s): 8080 (http) with context path '' 
2020:09:08 01:44:26.061 INFO  --- [main] kakao.KakaoApiPjApplication : Started KakaoApiPjApplication in 1.448 seconds (JVM running for 2.304) 
2020:09:08 01:44:30.018 INFO  --- [http-nio-8080-exec-1] o.a.c.c.C.[Tomcat].[localhost].[/] : Initializing Spring DispatcherServlet 'dispatcherServlet' 
2020:09:08 01:44:30.019 INFO  --- [http-nio-8080-exec-1] o.s.web.servlet.DispatcherServlet : Initializing Servlet 'dispatcherServlet' 
2020:09:08 01:44:30.022 INFO  --- [http-nio-8080-exec-1] o.s.web.servlet.DispatcherServlet : Completed initialization in 3 ms 
2020:09:08 01:44:30.083 INFO  --- [http-nio-8080-exec-1] kakao.controller.KakaoTest : 2020090414471652670701 
2020:09:08 01:44:30.882 INFO  --- [http-nio-8080-exec-1] kakao.controller.KakaoTest : java.lang.IllegalArgumentException: No enum constant kakao.KakaoReportCode.0 
2020:09:08 01:45:50.317 INFO  --- [RMI TCP Connection(6)-127.0.0.1] o.s.b.a.SpringApplicationAdminMXBeanRegistrar$SpringApplicationAdmin : Application shutdown requested. 
2020:09:08 01:45:50.691 INFO  --- [RMI TCP Connection(6)-127.0.0.1] o.s.s.c.ThreadPoolTaskExecutor : Shutting down ExecutorService 'applicationTaskExecutor' 
2020:09:08 01:45:53.168 INFO  --- [main] kakao.KakaoApiPjApplication : Starting KakaoApiPjApplication on LAPTOP-5441OMQF with PID 12592 (C:\Users\USER\eclipse-kakao\KakaoApiPj\bin\main started by USER in C:\Users\USER\eclipse-kakao\KakaoApiPj) 
2020:09:08 01:45:53.176 INFO  --- [main] kakao.KakaoApiPjApplication : The following profiles are active: local 
2020:09:08 01:45:53.825 INFO  --- [main] o.s.b.w.e.tomcat.TomcatWebServer : Tomcat initialized with port(s): 8080 (http) 
2020:09:08 01:45:53.832 INFO  --- [main] o.a.coyote.http11.Http11NioProtocol : Initializing ProtocolHandler ["http-nio-8080"] 
2020:09:08 01:45:53.832 INFO  --- [main] o.a.catalina.core.StandardService : Starting service [Tomcat] 
2020:09:08 01:45:53.833 INFO  --- [main] o.a.catalina.core.StandardEngine : Starting Servlet engine: [Apache Tomcat/9.0.37] 
2020:09:08 01:45:53.906 INFO  --- [main] o.a.c.c.C.[Tomcat].[localhost].[/] : Initializing Spring embedded WebApplicationContext 
2020:09:08 01:45:53.907 INFO  --- [main] o.s.b.w.s.c.ServletWebServerApplicationContext : Root WebApplicationContext: initialization completed in 699 ms 
2020:09:08 01:45:54.046 INFO  --- [main] o.s.s.c.ThreadPoolTaskExecutor : Initializing ExecutorService 'applicationTaskExecutor' 
2020:09:08 01:45:54.194 INFO  --- [main] o.a.coyote.http11.Http11NioProtocol : Starting ProtocolHandler ["http-nio-8080"] 
2020:09:08 01:45:54.209 INFO  --- [main] o.s.b.w.e.tomcat.TomcatWebServer : Tomcat started on port(s): 8080 (http) with context path '' 
2020:09:08 01:45:54.217 INFO  --- [main] kakao.KakaoApiPjApplication : Started KakaoApiPjApplication in 1.447 seconds (JVM running for 2.284) 
2020:09:08 01:45:58.740 INFO  --- [http-nio-8080-exec-2] o.a.c.c.C.[Tomcat].[localhost].[/] : Initializing Spring DispatcherServlet 'dispatcherServlet' 
2020:09:08 01:45:58.741 INFO  --- [http-nio-8080-exec-2] o.s.web.servlet.DispatcherServlet : Initializing Servlet 'dispatcherServlet' 
2020:09:08 01:45:58.744 INFO  --- [http-nio-8080-exec-2] o.s.web.servlet.DispatcherServlet : Completed initialization in 3 ms 
2020:09:08 01:45:58.807 INFO  --- [http-nio-8080-exec-2] kakao.controller.KakaoTest : 2020090414471652670701 
2020:09:08 01:45:59.578 INFO  --- [http-nio-8080-exec-2] kakao.controller.KakaoTest : 0 
2020:09:08 01:45:59.583 INFO  --- [http-nio-8080-exec-2] kakao.controller.KakaoTest : java.lang.IllegalArgumentException: No enum constant kakao.KakaoReportCode.0 
2020:09:08 01:56:11.130 INFO  --- [RMI TCP Connection(12)-127.0.0.1] o.s.b.a.SpringApplicationAdminMXBeanRegistrar$SpringApplicationAdmin : Application shutdown requested. 
2020:09:08 01:56:11.499 INFO  --- [RMI TCP Connection(12)-127.0.0.1] o.s.s.c.ThreadPoolTaskExecutor : Shutting down ExecutorService 'applicationTaskExecutor' 
2020:09:08 01:56:15.804 INFO  --- [main] kakao.KakaoApiPjApplication : Starting KakaoApiPjApplication on LAPTOP-5441OMQF with PID 8360 (C:\Users\USER\eclipse-kakao\KakaoApiPj\bin\main started by USER in C:\Users\USER\eclipse-kakao\KakaoApiPj) 
2020:09:08 01:56:15.806 INFO  --- [main] kakao.KakaoApiPjApplication : The following profiles are active: local 
2020:09:08 01:56:16.452 INFO  --- [main] o.s.b.w.e.tomcat.TomcatWebServer : Tomcat initialized with port(s): 8080 (http) 
2020:09:08 01:56:16.459 INFO  --- [main] o.a.coyote.http11.Http11NioProtocol : Initializing ProtocolHandler ["http-nio-8080"] 
2020:09:08 01:56:16.460 INFO  --- [main] o.a.catalina.core.StandardService : Starting service [Tomcat] 
2020:09:08 01:56:16.460 INFO  --- [main] o.a.catalina.core.StandardEngine : Starting Servlet engine: [Apache Tomcat/9.0.37] 
2020:09:08 01:56:16.535 INFO  --- [main] o.a.c.c.C.[Tomcat].[localhost].[/] : Initializing Spring embedded WebApplicationContext 
2020:09:08 01:56:16.535 INFO  --- [main] o.s.b.w.s.c.ServletWebServerApplicationContext : Root WebApplicationContext: initialization completed in 700 ms 
2020:09:08 01:56:16.677 INFO  --- [main] o.s.s.c.ThreadPoolTaskExecutor : Initializing ExecutorService 'applicationTaskExecutor' 
2020:09:08 01:56:16.828 INFO  --- [main] o.a.coyote.http11.Http11NioProtocol : Starting ProtocolHandler ["http-nio-8080"] 
2020:09:08 01:56:16.843 INFO  --- [main] o.s.b.w.e.tomcat.TomcatWebServer : Tomcat started on port(s): 8080 (http) with context path '' 
2020:09:08 01:56:16.850 INFO  --- [main] kakao.KakaoApiPjApplication : Started KakaoApiPjApplication in 1.421 seconds (JVM running for 2.272) 
2020:09:08 01:56:32.704 INFO  --- [http-nio-8080-exec-2] o.a.c.c.C.[Tomcat].[localhost].[/] : Initializing Spring DispatcherServlet 'dispatcherServlet' 
2020:09:08 01:56:32.704 INFO  --- [http-nio-8080-exec-2] o.s.web.servlet.DispatcherServlet : Initializing Servlet 'dispatcherServlet' 
2020:09:08 01:56:32.709 INFO  --- [http-nio-8080-exec-2] o.s.web.servlet.DispatcherServlet : Completed initialization in 5 ms 
2020:09:08 01:56:32.770 INFO  --- [http-nio-8080-exec-2] kakao.controller.KakaoTest : 2020090414471652670701 
2020:09:08 01:56:33.569 INFO  --- [http-nio-8080-exec-2] kakao.controller.KakaoTest : 0 
2020:09:08 02:20:43.322 INFO  --- [RMI TCP Connection(29)-127.0.0.1] o.s.b.a.SpringApplicationAdminMXBeanRegistrar$SpringApplicationAdmin : Application shutdown requested. 
2020:09:08 02:20:43.699 INFO  --- [RMI TCP Connection(29)-127.0.0.1] o.s.s.c.ThreadPoolTaskExecutor : Shutting down ExecutorService 'applicationTaskExecutor' 
2020:09:08 02:20:46.176 INFO  --- [main] kakao.KakaoApiPjApplication : Starting KakaoApiPjApplication on LAPTOP-5441OMQF with PID 16932 (C:\Users\USER\eclipse-kakao\KakaoApiPj\bin\main started by USER in C:\Users\USER\eclipse-kakao\KakaoApiPj) 
2020:09:08 02:20:46.180 INFO  --- [main] kakao.KakaoApiPjApplication : The following profiles are active: local 
2020:09:08 02:20:46.838 INFO  --- [main] o.s.b.w.e.tomcat.TomcatWebServer : Tomcat initialized with port(s): 8080 (http) 
2020:09:08 02:20:46.844 INFO  --- [main] o.a.coyote.http11.Http11NioProtocol : Initializing ProtocolHandler ["http-nio-8080"] 
2020:09:08 02:20:46.845 INFO  --- [main] o.a.catalina.core.StandardService : Starting service [Tomcat] 
2020:09:08 02:20:46.845 INFO  --- [main] o.a.catalina.core.StandardEngine : Starting Servlet engine: [Apache Tomcat/9.0.37] 
2020:09:08 02:20:46.921 INFO  --- [main] o.a.c.c.C.[Tomcat].[localhost].[/] : Initializing Spring embedded WebApplicationContext 
2020:09:08 02:20:46.922 INFO  --- [main] o.s.b.w.s.c.ServletWebServerApplicationContext : Root WebApplicationContext: initialization completed in 707 ms 
2020:09:08 02:20:47.062 INFO  --- [main] o.s.s.c.ThreadPoolTaskExecutor : Initializing ExecutorService 'applicationTaskExecutor' 
2020:09:08 02:20:47.213 INFO  --- [main] o.a.coyote.http11.Http11NioProtocol : Starting ProtocolHandler ["http-nio-8080"] 
2020:09:08 02:20:47.228 INFO  --- [main] o.s.b.w.e.tomcat.TomcatWebServer : Tomcat started on port(s): 8080 (http) with context path '' 
2020:09:08 02:20:47.236 INFO  --- [main] kakao.KakaoApiPjApplication : Started KakaoApiPjApplication in 1.449 seconds (JVM running for 2.328) 
2020:09:08 02:20:52.255 INFO  --- [http-nio-8080-exec-1] o.a.c.c.C.[Tomcat].[localhost].[/] : Initializing Spring DispatcherServlet 'dispatcherServlet' 
2020:09:08 02:20:52.256 INFO  --- [http-nio-8080-exec-1] o.s.web.servlet.DispatcherServlet : Initializing Servlet 'dispatcherServlet' 
2020:09:08 02:20:52.260 INFO  --- [http-nio-8080-exec-1] o.s.web.servlet.DispatcherServlet : Completed initialization in 4 ms 
2020:09:08 02:20:52.322 INFO  --- [http-nio-8080-exec-1] kakao.controller.KakaoTest : 2020090414471652670701 
2020:09:08 02:20:53.142 INFO  --- [http-nio-8080-exec-1] kakao.controller.KakaoTest : 0 
2020:09:08 02:23:55.676 INFO  --- [RMI TCP Connection(5)-127.0.0.1] o.s.b.a.SpringApplicationAdminMXBeanRegistrar$SpringApplicationAdmin : Application shutdown requested. 
2020:09:08 02:23:56.071 INFO  --- [RMI TCP Connection(5)-127.0.0.1] o.s.s.c.ThreadPoolTaskExecutor : Shutting down ExecutorService 'applicationTaskExecutor' 
2020:09:08 02:24:00.864 INFO  --- [main] kakao.KakaoApiPjApplication : Starting KakaoApiPjApplication on LAPTOP-5441OMQF with PID 12156 (C:\Users\USER\eclipse-kakao\KakaoApiPj\bin\main started by USER in C:\Users\USER\eclipse-kakao\KakaoApiPj) 
2020:09:08 02:24:00.866 INFO  --- [main] kakao.KakaoApiPjApplication : The following profiles are active: local 
2020:09:08 02:24:01.518 INFO  --- [main] o.s.b.w.e.tomcat.TomcatWebServer : Tomcat initialized with port(s): 8080 (http) 
2020:09:08 02:24:01.525 INFO  --- [main] o.a.coyote.http11.Http11NioProtocol : Initializing ProtocolHandler ["http-nio-8080"] 
2020:09:08 02:24:01.526 INFO  --- [main] o.a.catalina.core.StandardService : Starting service [Tomcat] 
2020:09:08 02:24:01.526 INFO  --- [main] o.a.catalina.core.StandardEngine : Starting Servlet engine: [Apache Tomcat/9.0.37] 
2020:09:08 02:24:01.602 INFO  --- [main] o.a.c.c.C.[Tomcat].[localhost].[/] : Initializing Spring embedded WebApplicationContext 
2020:09:08 02:24:01.603 INFO  --- [main] o.s.b.w.s.c.ServletWebServerApplicationContext : Root WebApplicationContext: initialization completed in 707 ms 
2020:09:08 02:24:01.749 INFO  --- [main] o.s.s.c.ThreadPoolTaskExecutor : Initializing ExecutorService 'applicationTaskExecutor' 
2020:09:08 02:24:01.898 INFO  --- [main] o.a.coyote.http11.Http11NioProtocol : Starting ProtocolHandler ["http-nio-8080"] 
2020:09:08 02:24:01.913 INFO  --- [main] o.s.b.w.e.tomcat.TomcatWebServer : Tomcat started on port(s): 8080 (http) with context path '' 
2020:09:08 02:24:01.921 INFO  --- [main] kakao.KakaoApiPjApplication : Started KakaoApiPjApplication in 1.436 seconds (JVM running for 2.281) 
2020:09:08 02:24:10.917 INFO  --- [http-nio-8080-exec-2] o.a.c.c.C.[Tomcat].[localhost].[/] : Initializing Spring DispatcherServlet 'dispatcherServlet' 
2020:09:08 02:24:10.918 INFO  --- [http-nio-8080-exec-2] o.s.web.servlet.DispatcherServlet : Initializing Servlet 'dispatcherServlet' 
2020:09:08 02:24:10.922 INFO  --- [http-nio-8080-exec-2] o.s.web.servlet.DispatcherServlet : Completed initialization in 4 ms 
2020:09:08 02:24:10.988 INFO  --- [http-nio-8080-exec-2] kakao.controller.KakaoTest : 2020090414471652670701 
2020:09:08 02:24:11.791 INFO  --- [http-nio-8080-exec-2] kakao.controller.KakaoTest : 0 
2020:09:08 02:24:36.420 INFO  --- [RMI TCP Connection(2)-127.0.0.1] o.s.b.a.SpringApplicationAdminMXBeanRegistrar$SpringApplicationAdmin : Application shutdown requested. 
2020:09:08 02:24:36.805 INFO  --- [RMI TCP Connection(2)-127.0.0.1] o.s.s.c.ThreadPoolTaskExecutor : Shutting down ExecutorService 'applicationTaskExecutor' 
2020:09:08 02:24:39.176 INFO  --- [main] kakao.KakaoApiPjApplication : Starting KakaoApiPjApplication on LAPTOP-5441OMQF with PID 1504 (C:\Users\USER\eclipse-kakao\KakaoApiPj\bin\main started by USER in C:\Users\USER\eclipse-kakao\KakaoApiPj) 
2020:09:08 02:24:39.179 INFO  --- [main] kakao.KakaoApiPjApplication : The following profiles are active: local 
2020:09:08 02:24:39.858 INFO  --- [main] o.s.b.w.e.tomcat.TomcatWebServer : Tomcat initialized with port(s): 8080 (http) 
2020:09:08 02:24:39.865 INFO  --- [main] o.a.coyote.http11.Http11NioProtocol : Initializing ProtocolHandler ["http-nio-8080"] 
2020:09:08 02:24:39.865 INFO  --- [main] o.a.catalina.core.StandardService : Starting service [Tomcat] 
2020:09:08 02:24:39.866 INFO  --- [main] o.a.catalina.core.StandardEngine : Starting Servlet engine: [Apache Tomcat/9.0.37] 
2020:09:08 02:24:39.940 INFO  --- [main] o.a.c.c.C.[Tomcat].[localhost].[/] : Initializing Spring embedded WebApplicationContext 
2020:09:08 02:24:39.941 INFO  --- [main] o.s.b.w.s.c.ServletWebServerApplicationContext : Root WebApplicationContext: initialization completed in 715 ms 
2020:09:08 02:24:40.101 INFO  --- [main] o.s.s.c.ThreadPoolTaskExecutor : Initializing ExecutorService 'applicationTaskExecutor' 
2020:09:08 02:24:40.253 INFO  --- [main] o.a.coyote.http11.Http11NioProtocol : Starting ProtocolHandler ["http-nio-8080"] 
2020:09:08 02:24:40.269 INFO  --- [main] o.s.b.w.e.tomcat.TomcatWebServer : Tomcat started on port(s): 8080 (http) with context path '' 
2020:09:08 02:24:40.277 INFO  --- [main] kakao.KakaoApiPjApplication : Started KakaoApiPjApplication in 1.494 seconds (JVM running for 2.322) 
2020:09:08 02:24:43.300 INFO  --- [http-nio-8080-exec-2] o.a.c.c.C.[Tomcat].[localhost].[/] : Initializing Spring DispatcherServlet 'dispatcherServlet' 
2020:09:08 02:24:43.301 INFO  --- [http-nio-8080-exec-2] o.s.web.servlet.DispatcherServlet : Initializing Servlet 'dispatcherServlet' 
2020:09:08 02:24:43.304 INFO  --- [http-nio-8080-exec-2] o.s.web.servlet.DispatcherServlet : Completed initialization in 3 ms 
2020:09:08 02:24:43.365 INFO  --- [http-nio-8080-exec-2] kakao.controller.KakaoTest : 2020090414471652670701 
2020:09:08 02:24:44.185 INFO  --- [http-nio-8080-exec-2] kakao.controller.KakaoTest : 0 
2020:09:08 02:24:52.381 INFO  --- [RMI TCP Connection(2)-127.0.0.1] o.s.b.a.SpringApplicationAdminMXBeanRegistrar$SpringApplicationAdmin : Application shutdown requested. 
2020:09:08 02:24:52.805 INFO  --- [RMI TCP Connection(2)-127.0.0.1] o.s.s.c.ThreadPoolTaskExecutor : Shutting down ExecutorService 'applicationTaskExecutor' 
2020:09:08 02:24:58.266 INFO  --- [main] kakao.KakaoApiPjApplication : Starting KakaoApiPjApplication on LAPTOP-5441OMQF with PID 14692 (C:\Users\USER\eclipse-kakao\KakaoApiPj\bin\main started by USER in C:\Users\USER\eclipse-kakao\KakaoApiPj) 
2020:09:08 02:24:58.274 INFO  --- [main] kakao.KakaoApiPjApplication : The following profiles are active: local 
2020:09:08 02:24:58.915 INFO  --- [main] o.s.b.w.e.tomcat.TomcatWebServer : Tomcat initialized with port(s): 8080 (http) 
2020:09:08 02:24:58.922 INFO  --- [main] o.a.coyote.http11.Http11NioProtocol : Initializing ProtocolHandler ["http-nio-8080"] 
2020:09:08 02:24:58.922 INFO  --- [main] o.a.catalina.core.StandardService : Starting service [Tomcat] 
2020:09:08 02:24:58.923 INFO  --- [main] o.a.catalina.core.StandardEngine : Starting Servlet engine: [Apache Tomcat/9.0.37] 
2020:09:08 02:24:58.996 INFO  --- [main] o.a.c.c.C.[Tomcat].[localhost].[/] : Initializing Spring embedded WebApplicationContext 
2020:09:08 02:24:58.997 INFO  --- [main] o.s.b.w.s.c.ServletWebServerApplicationContext : Root WebApplicationContext: initialization completed in 692 ms 
2020:09:08 02:24:59.138 INFO  --- [main] o.s.s.c.ThreadPoolTaskExecutor : Initializing ExecutorService 'applicationTaskExecutor' 
2020:09:08 02:24:59.282 INFO  --- [main] o.a.coyote.http11.Http11NioProtocol : Starting ProtocolHandler ["http-nio-8080"] 
2020:09:08 02:24:59.297 INFO  --- [main] o.s.b.w.e.tomcat.TomcatWebServer : Tomcat started on port(s): 8080 (http) with context path '' 
2020:09:08 02:24:59.304 INFO  --- [main] kakao.KakaoApiPjApplication : Started KakaoApiPjApplication in 1.415 seconds (JVM running for 2.248) 
2020:09:08 02:25:02.286 INFO  --- [http-nio-8080-exec-2] o.a.c.c.C.[Tomcat].[localhost].[/] : Initializing Spring DispatcherServlet 'dispatcherServlet' 
2020:09:08 02:25:02.286 INFO  --- [http-nio-8080-exec-2] o.s.web.servlet.DispatcherServlet : Initializing Servlet 'dispatcherServlet' 
2020:09:08 02:25:02.290 INFO  --- [http-nio-8080-exec-2] o.s.web.servlet.DispatcherServlet : Completed initialization in 4 ms 
2020:09:08 02:25:02.350 INFO  --- [http-nio-8080-exec-2] kakao.controller.KakaoTest : 2020090414471652670701 
2020:09:08 02:25:03.422 INFO  --- [http-nio-8080-exec-2] kakao.controller.KakaoTest : 0 
2020:09:08 02:26:25.786 INFO  --- [RMI TCP Connection(3)-127.0.0.1] o.s.b.a.SpringApplicationAdminMXBeanRegistrar$SpringApplicationAdmin : Application shutdown requested. 
2020:09:08 02:26:26.161 INFO  --- [RMI TCP Connection(3)-127.0.0.1] o.s.s.c.ThreadPoolTaskExecutor : Shutting down ExecutorService 'applicationTaskExecutor' 
2020:09:08 02:28:26.619 INFO  --- [main] kakao.KakaoApiPjApplication : Starting KakaoApiPjApplication on LAPTOP-5441OMQF with PID 15888 (C:\Users\USER\eclipse-kakao\KakaoApiPj\bin\main started by USER in C:\Users\USER\eclipse-kakao\KakaoApiPj) 
2020:09:08 02:28:26.621 INFO  --- [main] kakao.KakaoApiPjApplication : The following profiles are active: local 
2020:09:08 02:28:27.299 INFO  --- [main] o.s.b.w.e.tomcat.TomcatWebServer : Tomcat initialized with port(s): 8080 (http) 
2020:09:08 02:28:27.307 INFO  --- [main] o.a.coyote.http11.Http11NioProtocol : Initializing ProtocolHandler ["http-nio-8080"] 
2020:09:08 02:28:27.308 INFO  --- [main] o.a.catalina.core.StandardService : Starting service [Tomcat] 
2020:09:08 02:28:27.308 INFO  --- [main] o.a.catalina.core.StandardEngine : Starting Servlet engine: [Apache Tomcat/9.0.37] 
2020:09:08 02:28:27.389 INFO  --- [main] o.a.c.c.C.[Tomcat].[localhost].[/] : Initializing Spring embedded WebApplicationContext 
2020:09:08 02:28:27.389 INFO  --- [main] o.s.b.w.s.c.ServletWebServerApplicationContext : Root WebApplicationContext: initialization completed in 737 ms 
2020:09:08 02:28:27.533 INFO  --- [main] o.s.s.c.ThreadPoolTaskExecutor : Initializing ExecutorService 'applicationTaskExecutor' 
2020:09:08 02:28:27.682 INFO  --- [main] o.a.coyote.http11.Http11NioProtocol : Starting ProtocolHandler ["http-nio-8080"] 
2020:09:08 02:28:27.697 INFO  --- [main] o.s.b.w.e.tomcat.TomcatWebServer : Tomcat started on port(s): 8080 (http) with context path '' 
2020:09:08 02:28:27.704 INFO  --- [main] kakao.KakaoApiPjApplication : Started KakaoApiPjApplication in 1.466 seconds (JVM running for 2.32) 
2020:09:08 02:28:31.065 INFO  --- [http-nio-8080-exec-2] o.a.c.c.C.[Tomcat].[localhost].[/] : Initializing Spring DispatcherServlet 'dispatcherServlet' 
2020:09:08 02:28:31.065 INFO  --- [http-nio-8080-exec-2] o.s.web.servlet.DispatcherServlet : Initializing Servlet 'dispatcherServlet' 
2020:09:08 02:28:31.068 INFO  --- [http-nio-8080-exec-2] o.s.web.servlet.DispatcherServlet : Completed initialization in 3 ms 
2020:09:08 02:28:31.131 INFO  --- [http-nio-8080-exec-2] kakao.controller.KakaoTest : 2020090414471652670701 
2020:09:08 02:28:31.916 INFO  --- [http-nio-8080-exec-2] kakao.controller.KakaoTest : 0 
2020:09:08 02:31:41.566 INFO  --- [http-nio-8080-exec-5] kakao.controller.KakaoTest : 안녕하세요 안유진님!예약정보를 안내드립니다.일자:2020-09-04시간:오후3시           감사합니다. 
2020:09:08 02:31:41.567 INFO  --- [http-nio-8080-exec-5] kakao.controller.KakaoTest : 01029404738 
2020:09:08 02:31:41.567 INFO  --- [http-nio-8080-exec-5] kakao.controller.KakaoTest : 템플릿KTEST1 
2020:09:08 02:31:41.575 INFO  --- [http-nio-8080-exec-5] kakao.controller.KakaoTest : String mapper{"phone":"01040392705","callBack":"01029404738","msg":"안녕하세요 안유진님!예약정보를 안내드립니다.일자:2020-09-04시간:오후3시           감사합니다.","templateCode":"KTEST1","faledType":"N","btnTypes":"웹링크","btnTxts":"홈페이지조회","btnUrls1":"https://www.goqual.com/","btnUrls2":"https://www.goqual.com/"} 
2020:09:08 02:31:41.579 INFO  --- [http-nio-8080-exec-5] kakao.controller.KakaoTest : 카카오 전체:KakaoSendMsgVO(phone=01040392705, callBack=01029404738, msg=안녕하세요 안유진님!예약정보를 안내드립니다.일자:2020-09-04시간:오후3시           감사합니다., templateCode=KTEST1, faledType=N, btnTypes=웹링크, btnTxts=홈페이지조회, btnUrls1=https://www.goqual.com/, btnUrls2=https://www.goqual.com/) 
2020:09:08 02:31:42.269 INFO  --- [http-nio-8080-exec-5] kakao.controller.KakaoTest : cmid=2020090802314217191401 
2020:09:08 02:32:59.163 INFO  --- [RMI TCP Connection(9)-127.0.0.1] o.s.b.a.SpringApplicationAdminMXBeanRegistrar$SpringApplicationAdmin : Application shutdown requested. 
2020:09:08 02:32:59.549 INFO  --- [RMI TCP Connection(9)-127.0.0.1] o.s.s.c.ThreadPoolTaskExecutor : Shutting down ExecutorService 'applicationTaskExecutor' 
2020:09:08 02:33:02.220 INFO  --- [main] kakao.KakaoApiPjApplication : Starting KakaoApiPjApplication on LAPTOP-5441OMQF with PID 15268 (C:\Users\USER\eclipse-kakao\KakaoApiPj\bin\main started by USER in C:\Users\USER\eclipse-kakao\KakaoApiPj) 
2020:09:08 02:33:02.223 INFO  --- [main] kakao.KakaoApiPjApplication : The following profiles are active: local 
2020:09:08 02:33:02.874 INFO  --- [main] o.s.b.w.e.tomcat.TomcatWebServer : Tomcat initialized with port(s): 8080 (http) 
2020:09:08 02:33:02.880 INFO  --- [main] o.a.coyote.http11.Http11NioProtocol : Initializing ProtocolHandler ["http-nio-8080"] 
2020:09:08 02:33:02.881 INFO  --- [main] o.a.catalina.core.StandardService : Starting service [Tomcat] 
2020:09:08 02:33:02.881 INFO  --- [main] o.a.catalina.core.StandardEngine : Starting Servlet engine: [Apache Tomcat/9.0.37] 
2020:09:08 02:33:02.960 INFO  --- [main] o.a.c.c.C.[Tomcat].[localhost].[/] : Initializing Spring embedded WebApplicationContext 
2020:09:08 02:33:02.960 INFO  --- [main] o.s.b.w.s.c.ServletWebServerApplicationContext : Root WebApplicationContext: initialization completed in 707 ms 
2020:09:08 02:33:03.103 INFO  --- [main] o.s.s.c.ThreadPoolTaskExecutor : Initializing ExecutorService 'applicationTaskExecutor' 
2020:09:08 02:33:03.252 INFO  --- [main] o.a.coyote.http11.Http11NioProtocol : Starting ProtocolHandler ["http-nio-8080"] 
2020:09:08 02:33:03.267 INFO  --- [main] o.s.b.w.e.tomcat.TomcatWebServer : Tomcat started on port(s): 8080 (http) with context path '' 
2020:09:08 02:33:03.275 INFO  --- [main] kakao.KakaoApiPjApplication : Started KakaoApiPjApplication in 1.449 seconds (JVM running for 2.302) 
2020:09:08 02:33:07.620 INFO  --- [http-nio-8080-exec-1] o.a.c.c.C.[Tomcat].[localhost].[/] : Initializing Spring DispatcherServlet 'dispatcherServlet' 
2020:09:08 02:33:07.621 INFO  --- [http-nio-8080-exec-1] o.s.web.servlet.DispatcherServlet : Initializing Servlet 'dispatcherServlet' 
2020:09:08 02:33:07.624 INFO  --- [http-nio-8080-exec-1] o.s.web.servlet.DispatcherServlet : Completed initialization in 3 ms 
2020:09:08 02:33:07.689 INFO  --- [http-nio-8080-exec-1] kakao.controller.KakaoTest : 2020090802314217191401 
2020:09:08 02:33:35.761 INFO  --- [RMI TCP Connection(3)-127.0.0.1] o.s.b.a.SpringApplicationAdminMXBeanRegistrar$SpringApplicationAdmin : Application shutdown requested. 
2020:09:08 02:33:36.125 INFO  --- [RMI TCP Connection(3)-127.0.0.1] o.s.s.c.ThreadPoolTaskExecutor : Shutting down ExecutorService 'applicationTaskExecutor' 
2020:09:08 02:33:38.509 INFO  --- [main] kakao.KakaoApiPjApplication : Starting KakaoApiPjApplication on LAPTOP-5441OMQF with PID 12456 (C:\Users\USER\eclipse-kakao\KakaoApiPj\bin\main started by USER in C:\Users\USER\eclipse-kakao\KakaoApiPj) 
2020:09:08 02:33:38.511 INFO  --- [main] kakao.KakaoApiPjApplication : The following profiles are active: local 
2020:09:08 02:33:39.177 INFO  --- [main] o.s.b.w.e.tomcat.TomcatWebServer : Tomcat initialized with port(s): 8080 (http) 
2020:09:08 02:33:39.183 INFO  --- [main] o.a.coyote.http11.Http11NioProtocol : Initializing ProtocolHandler ["http-nio-8080"] 
2020:09:08 02:33:39.184 INFO  --- [main] o.a.catalina.core.StandardService : Starting service [Tomcat] 
2020:09:08 02:33:39.184 INFO  --- [main] o.a.catalina.core.StandardEngine : Starting Servlet engine: [Apache Tomcat/9.0.37] 
2020:09:08 02:33:39.258 INFO  --- [main] o.a.c.c.C.[Tomcat].[localhost].[/] : Initializing Spring embedded WebApplicationContext 
2020:09:08 02:33:39.259 INFO  --- [main] o.s.b.w.s.c.ServletWebServerApplicationContext : Root WebApplicationContext: initialization completed in 708 ms 
2020:09:08 02:33:39.401 INFO  --- [main] o.s.s.c.ThreadPoolTaskExecutor : Initializing ExecutorService 'applicationTaskExecutor' 
2020:09:08 02:33:39.548 INFO  --- [main] o.a.coyote.http11.Http11NioProtocol : Starting ProtocolHandler ["http-nio-8080"] 
2020:09:08 02:33:39.563 INFO  --- [main] o.s.b.w.e.tomcat.TomcatWebServer : Tomcat started on port(s): 8080 (http) with context path '' 
2020:09:08 02:33:39.570 INFO  --- [main] kakao.KakaoApiPjApplication : Started KakaoApiPjApplication in 1.443 seconds (JVM running for 2.35) 
2020:09:08 02:33:43.962 INFO  --- [http-nio-8080-exec-2] o.a.c.c.C.[Tomcat].[localhost].[/] : Initializing Spring DispatcherServlet 'dispatcherServlet' 
2020:09:08 02:33:43.962 INFO  --- [http-nio-8080-exec-2] o.s.web.servlet.DispatcherServlet : Initializing Servlet 'dispatcherServlet' 
2020:09:08 02:33:43.966 INFO  --- [http-nio-8080-exec-2] o.s.web.servlet.DispatcherServlet : Completed initialization in 3 ms 
2020:09:08 02:33:44.028 INFO  --- [http-nio-8080-exec-2] kakao.controller.KakaoTest : 2020090802314217191401 
2020:09:08 02:38:32.297 INFO  --- [RMI TCP Connection(8)-127.0.0.1] o.s.b.a.SpringApplicationAdminMXBeanRegistrar$SpringApplicationAdmin : Application shutdown requested. 
2020:09:08 02:38:32.676 INFO  --- [RMI TCP Connection(8)-127.0.0.1] o.s.s.c.ThreadPoolTaskExecutor : Shutting down ExecutorService 'applicationTaskExecutor' 
2020:09:08 02:38:35.399 INFO  --- [main] kakao.KakaoApiPjApplication : Starting KakaoApiPjApplication on LAPTOP-5441OMQF with PID 11016 (C:\Users\USER\eclipse-kakao\KakaoApiPj\bin\main started by USER in C:\Users\USER\eclipse-kakao\KakaoApiPj) 
2020:09:08 02:38:35.401 INFO  --- [main] kakao.KakaoApiPjApplication : The following profiles are active: local 
2020:09:08 02:38:36.106 INFO  --- [main] o.s.b.w.e.tomcat.TomcatWebServer : Tomcat initialized with port(s): 8080 (http) 
2020:09:08 02:38:36.113 INFO  --- [main] o.a.coyote.http11.Http11NioProtocol : Initializing ProtocolHandler ["http-nio-8080"] 
2020:09:08 02:38:36.113 INFO  --- [main] o.a.catalina.core.StandardService : Starting service [Tomcat] 
2020:09:08 02:38:36.113 INFO  --- [main] o.a.catalina.core.StandardEngine : Starting Servlet engine: [Apache Tomcat/9.0.37] 
2020:09:08 02:38:36.188 INFO  --- [main] o.a.c.c.C.[Tomcat].[localhost].[/] : Initializing Spring embedded WebApplicationContext 
2020:09:08 02:38:36.189 INFO  --- [main] o.s.b.w.s.c.ServletWebServerApplicationContext : Root WebApplicationContext: initialization completed in 744 ms 
2020:09:08 02:38:36.334 INFO  --- [main] o.s.s.c.ThreadPoolTaskExecutor : Initializing ExecutorService 'applicationTaskExecutor' 
2020:09:08 02:38:36.496 INFO  --- [main] o.a.coyote.http11.Http11NioProtocol : Starting ProtocolHandler ["http-nio-8080"] 
2020:09:08 02:38:36.511 INFO  --- [main] o.s.b.w.e.tomcat.TomcatWebServer : Tomcat started on port(s): 8080 (http) with context path '' 
2020:09:08 02:38:36.518 INFO  --- [main] kakao.KakaoApiPjApplication : Started KakaoApiPjApplication in 1.549 seconds (JVM running for 2.451) 
2020:09:08 02:38:40.606 INFO  --- [http-nio-8080-exec-3] o.a.c.c.C.[Tomcat].[localhost].[/] : Initializing Spring DispatcherServlet 'dispatcherServlet' 
2020:09:08 02:38:40.606 INFO  --- [http-nio-8080-exec-3] o.s.web.servlet.DispatcherServlet : Initializing Servlet 'dispatcherServlet' 
2020:09:08 02:38:40.612 INFO  --- [http-nio-8080-exec-3] o.s.web.servlet.DispatcherServlet : Completed initialization in 5 ms 
2020:09:08 02:38:40.676 INFO  --- [http-nio-8080-exec-3] kakao.controller.KakaoTest : 2020090802314217191401 
2020:09:08 02:38:41.453 INFO  --- [http-nio-8080-exec-3] kakao.controller.KakaoTest : 0 
2020:09:08 02:39:42.863 INFO  --- [RMI TCP Connection(4)-127.0.0.1] o.s.b.a.SpringApplicationAdminMXBeanRegistrar$SpringApplicationAdmin : Application shutdown requested. 
2020:09:08 02:39:43.249 INFO  --- [RMI TCP Connection(4)-127.0.0.1] o.s.s.c.ThreadPoolTaskExecutor : Shutting down ExecutorService 'applicationTaskExecutor' 
2020:09:08 02:39:46.251 INFO  --- [main] kakao.KakaoApiPjApplication : Starting KakaoApiPjApplication on LAPTOP-5441OMQF with PID 4736 (C:\Users\USER\eclipse-kakao\KakaoApiPj\bin\main started by USER in C:\Users\USER\eclipse-kakao\KakaoApiPj) 
2020:09:08 02:39:46.253 INFO  --- [main] kakao.KakaoApiPjApplication : The following profiles are active: local 
2020:09:08 02:39:46.914 INFO  --- [main] o.s.b.w.e.tomcat.TomcatWebServer : Tomcat initialized with port(s): 8080 (http) 
2020:09:08 02:39:46.920 INFO  --- [main] o.a.coyote.http11.Http11NioProtocol : Initializing ProtocolHandler ["http-nio-8080"] 
2020:09:08 02:39:46.921 INFO  --- [main] o.a.catalina.core.StandardService : Starting service [Tomcat] 
2020:09:08 02:39:46.921 INFO  --- [main] o.a.catalina.core.StandardEngine : Starting Servlet engine: [Apache Tomcat/9.0.37] 
2020:09:08 02:39:46.995 INFO  --- [main] o.a.c.c.C.[Tomcat].[localhost].[/] : Initializing Spring embedded WebApplicationContext 
2020:09:08 02:39:46.996 INFO  --- [main] o.s.b.w.s.c.ServletWebServerApplicationContext : Root WebApplicationContext: initialization completed in 710 ms 
2020:09:08 02:39:47.141 INFO  --- [main] o.s.s.c.ThreadPoolTaskExecutor : Initializing ExecutorService 'applicationTaskExecutor' 
2020:09:08 02:39:47.295 INFO  --- [main] o.a.coyote.http11.Http11NioProtocol : Starting ProtocolHandler ["http-nio-8080"] 
2020:09:08 02:39:47.309 INFO  --- [main] o.s.b.w.e.tomcat.TomcatWebServer : Tomcat started on port(s): 8080 (http) with context path '' 
2020:09:08 02:39:47.316 INFO  --- [main] kakao.KakaoApiPjApplication : Started KakaoApiPjApplication in 1.444 seconds (JVM running for 2.355) 
2020:09:08 02:39:50.767 INFO  --- [http-nio-8080-exec-1] o.a.c.c.C.[Tomcat].[localhost].[/] : Initializing Spring DispatcherServlet 'dispatcherServlet' 
2020:09:08 02:39:50.768 INFO  --- [http-nio-8080-exec-1] o.s.web.servlet.DispatcherServlet : Initializing Servlet 'dispatcherServlet' 
2020:09:08 02:39:50.772 INFO  --- [http-nio-8080-exec-1] o.s.web.servlet.DispatcherServlet : Completed initialization in 4 ms 
2020:09:08 02:39:50.845 INFO  --- [http-nio-8080-exec-1] kakao.controller.KakaoTest : 2020090802314217191401 
2020:09:08 02:39:51.651 INFO  --- [http-nio-8080-exec-1] kakao.controller.KakaoTest : 0 
2020:09:08 02:40:05.600 INFO  --- [RMI TCP Connection(2)-127.0.0.1] o.s.b.a.SpringApplicationAdminMXBeanRegistrar$SpringApplicationAdmin : Application shutdown requested. 
2020:09:08 02:40:05.983 INFO  --- [RMI TCP Connection(2)-127.0.0.1] o.s.s.c.ThreadPoolTaskExecutor : Shutting down ExecutorService 'applicationTaskExecutor' 
2020:09:08 02:40:12.642 INFO  --- [main] kakao.KakaoApiPjApplication : Starting KakaoApiPjApplication on LAPTOP-5441OMQF with PID 14556 (C:\Users\USER\eclipse-kakao\KakaoApiPj\bin\main started by USER in C:\Users\USER\eclipse-kakao\KakaoApiPj) 
2020:09:08 02:40:12.650 INFO  --- [main] kakao.KakaoApiPjApplication : The following profiles are active: local 
2020:09:08 02:40:13.346 INFO  --- [main] o.s.b.w.e.tomcat.TomcatWebServer : Tomcat initialized with port(s): 8080 (http) 
2020:09:08 02:40:13.352 INFO  --- [main] o.a.coyote.http11.Http11NioProtocol : Initializing ProtocolHandler ["http-nio-8080"] 
2020:09:08 02:40:13.353 INFO  --- [main] o.a.catalina.core.StandardService : Starting service [Tomcat] 
2020:09:08 02:40:13.353 INFO  --- [main] o.a.catalina.core.StandardEngine : Starting Servlet engine: [Apache Tomcat/9.0.37] 
2020:09:08 02:40:13.430 INFO  --- [main] o.a.c.c.C.[Tomcat].[localhost].[/] : Initializing Spring embedded WebApplicationContext 
2020:09:08 02:40:13.430 INFO  --- [main] o.s.b.w.s.c.ServletWebServerApplicationContext : Root WebApplicationContext: initialization completed in 746 ms 
2020:09:08 02:40:13.575 INFO  --- [main] o.s.s.c.ThreadPoolTaskExecutor : Initializing ExecutorService 'applicationTaskExecutor' 
2020:09:08 02:40:13.728 INFO  --- [main] o.a.coyote.http11.Http11NioProtocol : Starting ProtocolHandler ["http-nio-8080"] 
2020:09:08 02:40:13.743 INFO  --- [main] o.s.b.w.e.tomcat.TomcatWebServer : Tomcat started on port(s): 8080 (http) with context path '' 
2020:09:08 02:40:13.751 INFO  --- [main] kakao.KakaoApiPjApplication : Started KakaoApiPjApplication in 1.477 seconds (JVM running for 2.319) 
2020:09:08 02:40:17.646 INFO  --- [http-nio-8080-exec-1] o.a.c.c.C.[Tomcat].[localhost].[/] : Initializing Spring DispatcherServlet 'dispatcherServlet' 
2020:09:08 02:40:17.646 INFO  --- [http-nio-8080-exec-1] o.s.web.servlet.DispatcherServlet : Initializing Servlet 'dispatcherServlet' 
2020:09:08 02:40:17.650 INFO  --- [http-nio-8080-exec-1] o.s.web.servlet.DispatcherServlet : Completed initialization in 4 ms 
2020:09:08 02:40:17.714 INFO  --- [http-nio-8080-exec-1] kakao.controller.KakaoTest : 2020090802314217191401 
2020:09:08 02:40:18.511 INFO  --- [http-nio-8080-exec-1] kakao.controller.KakaoTest : 0 
2020:09:08 02:40:50.499 INFO  --- [RMI TCP Connection(3)-127.0.0.1] o.s.b.a.SpringApplicationAdminMXBeanRegistrar$SpringApplicationAdmin : Application shutdown requested. 
2020:09:08 02:40:50.890 INFO  --- [RMI TCP Connection(3)-127.0.0.1] o.s.s.c.ThreadPoolTaskExecutor : Shutting down ExecutorService 'applicationTaskExecutor' 
2020:09:08 02:40:53.319 INFO  --- [main] kakao.KakaoApiPjApplication : Starting KakaoApiPjApplication on LAPTOP-5441OMQF with PID 604 (C:\Users\USER\eclipse-kakao\KakaoApiPj\bin\main started by USER in C:\Users\USER\eclipse-kakao\KakaoApiPj) 
2020:09:08 02:40:53.321 INFO  --- [main] kakao.KakaoApiPjApplication : The following profiles are active: local 
2020:09:08 02:40:53.978 INFO  --- [main] o.s.b.w.e.tomcat.TomcatWebServer : Tomcat initialized with port(s): 8080 (http) 
2020:09:08 02:40:53.984 INFO  --- [main] o.a.coyote.http11.Http11NioProtocol : Initializing ProtocolHandler ["http-nio-8080"] 
2020:09:08 02:40:53.985 INFO  --- [main] o.a.catalina.core.StandardService : Starting service [Tomcat] 
2020:09:08 02:40:53.985 INFO  --- [main] o.a.catalina.core.StandardEngine : Starting Servlet engine: [Apache Tomcat/9.0.37] 
2020:09:08 02:40:54.058 INFO  --- [main] o.a.c.c.C.[Tomcat].[localhost].[/] : Initializing Spring embedded WebApplicationContext 
2020:09:08 02:40:54.059 INFO  --- [main] o.s.b.w.s.c.ServletWebServerApplicationContext : Root WebApplicationContext: initialization completed in 701 ms 
2020:09:08 02:40:54.205 INFO  --- [main] o.s.s.c.ThreadPoolTaskExecutor : Initializing ExecutorService 'applicationTaskExecutor' 
2020:09:08 02:40:54.351 INFO  --- [main] o.a.coyote.http11.Http11NioProtocol : Starting ProtocolHandler ["http-nio-8080"] 
2020:09:08 02:40:54.366 INFO  --- [main] o.s.b.w.e.tomcat.TomcatWebServer : Tomcat started on port(s): 8080 (http) with context path '' 
2020:09:08 02:40:54.374 INFO  --- [main] kakao.KakaoApiPjApplication : Started KakaoApiPjApplication in 1.435 seconds (JVM running for 2.287) 
2020:09:08 02:40:58.708 INFO  --- [http-nio-8080-exec-1] o.a.c.c.C.[Tomcat].[localhost].[/] : Initializing Spring DispatcherServlet 'dispatcherServlet' 
2020:09:08 02:40:58.708 INFO  --- [http-nio-8080-exec-1] o.s.web.servlet.DispatcherServlet : Initializing Servlet 'dispatcherServlet' 
2020:09:08 02:40:58.713 INFO  --- [http-nio-8080-exec-1] o.s.web.servlet.DispatcherServlet : Completed initialization in 5 ms 
2020:09:08 02:40:58.775 INFO  --- [http-nio-8080-exec-1] kakao.controller.KakaoTest : 2020090802314217191401 
2020:09:08 02:40:59.567 INFO  --- [http-nio-8080-exec-1] kakao.controller.KakaoTest : 0 
2020:09:08 02:42:44.285 INFO  --- [RMI TCP Connection(5)-127.0.0.1] o.s.b.a.SpringApplicationAdminMXBeanRegistrar$SpringApplicationAdmin : Application shutdown requested. 
2020:09:08 02:42:44.653 INFO  --- [RMI TCP Connection(5)-127.0.0.1] o.s.s.c.ThreadPoolTaskExecutor : Shutting down ExecutorService 'applicationTaskExecutor' 
2020:09:08 02:42:52.547 INFO  --- [main] kakao.KakaoApiPjApplication : Starting KakaoApiPjApplication on LAPTOP-5441OMQF with PID 14320 (C:\Users\USER\eclipse-kakao\KakaoApiPj\bin\main started by USER in C:\Users\USER\eclipse-kakao\KakaoApiPj) 
2020:09:08 02:42:52.549 INFO  --- [main] kakao.KakaoApiPjApplication : The following profiles are active: local 
2020:09:08 02:42:53.207 INFO  --- [main] o.s.b.w.e.tomcat.TomcatWebServer : Tomcat initialized with port(s): 8080 (http) 
2020:09:08 02:42:53.213 INFO  --- [main] o.a.coyote.http11.Http11NioProtocol : Initializing ProtocolHandler ["http-nio-8080"] 
2020:09:08 02:42:53.214 INFO  --- [main] o.a.catalina.core.StandardService : Starting service [Tomcat] 
2020:09:08 02:42:53.215 INFO  --- [main] o.a.catalina.core.StandardEngine : Starting Servlet engine: [Apache Tomcat/9.0.37] 
2020:09:08 02:42:53.289 INFO  --- [main] o.a.c.c.C.[Tomcat].[localhost].[/] : Initializing Spring embedded WebApplicationContext 
2020:09:08 02:42:53.289 INFO  --- [main] o.s.b.w.s.c.ServletWebServerApplicationContext : Root WebApplicationContext: initialization completed in 708 ms 
2020:09:08 02:42:53.432 INFO  --- [main] o.s.s.c.ThreadPoolTaskExecutor : Initializing ExecutorService 'applicationTaskExecutor' 
2020:09:08 02:42:53.582 INFO  --- [main] o.a.coyote.http11.Http11NioProtocol : Starting ProtocolHandler ["http-nio-8080"] 
2020:09:08 02:42:53.597 INFO  --- [main] o.s.b.w.e.tomcat.TomcatWebServer : Tomcat started on port(s): 8080 (http) with context path '' 
2020:09:08 02:42:53.604 INFO  --- [main] kakao.KakaoApiPjApplication : Started KakaoApiPjApplication in 1.44 seconds (JVM running for 2.287) 
2020:09:08 02:42:59.308 INFO  --- [http-nio-8080-exec-2] o.a.c.c.C.[Tomcat].[localhost].[/] : Initializing Spring DispatcherServlet 'dispatcherServlet' 
2020:09:08 02:42:59.309 INFO  --- [http-nio-8080-exec-2] o.s.web.servlet.DispatcherServlet : Initializing Servlet 'dispatcherServlet' 
2020:09:08 02:42:59.313 INFO  --- [http-nio-8080-exec-2] o.s.web.servlet.DispatcherServlet : Completed initialization in 3 ms 
2020:09:08 02:42:59.379 INFO  --- [http-nio-8080-exec-2] kakao.controller.KakaoTest : 2020090802314217191401 
2020:09:08 02:45:20.382 INFO  --- [RMI TCP Connection(6)-127.0.0.1] o.s.b.a.SpringApplicationAdminMXBeanRegistrar$SpringApplicationAdmin : Application shutdown requested. 
2020:09:08 02:45:20.776 INFO  --- [RMI TCP Connection(6)-127.0.0.1] o.s.s.c.ThreadPoolTaskExecutor : Shutting down ExecutorService 'applicationTaskExecutor' 
2020:09:08 02:45:23.584 INFO  --- [main] kakao.KakaoApiPjApplication : Starting KakaoApiPjApplication on LAPTOP-5441OMQF with PID 15876 (C:\Users\USER\eclipse-kakao\KakaoApiPj\bin\main started by USER in C:\Users\USER\eclipse-kakao\KakaoApiPj) 
2020:09:08 02:45:23.586 INFO  --- [main] kakao.KakaoApiPjApplication : The following profiles are active: local 
2020:09:08 02:45:24.248 INFO  --- [main] o.s.b.w.e.tomcat.TomcatWebServer : Tomcat initialized with port(s): 8080 (http) 
2020:09:08 02:45:24.256 INFO  --- [main] o.a.coyote.http11.Http11NioProtocol : Initializing ProtocolHandler ["http-nio-8080"] 
2020:09:08 02:45:24.256 INFO  --- [main] o.a.catalina.core.StandardService : Starting service [Tomcat] 
2020:09:08 02:45:24.257 INFO  --- [main] o.a.catalina.core.StandardEngine : Starting Servlet engine: [Apache Tomcat/9.0.37] 
2020:09:08 02:45:24.331 INFO  --- [main] o.a.c.c.C.[Tomcat].[localhost].[/] : Initializing Spring embedded WebApplicationContext 
2020:09:08 02:45:24.332 INFO  --- [main] o.s.b.w.s.c.ServletWebServerApplicationContext : Root WebApplicationContext: initialization completed in 715 ms 
2020:09:08 02:45:24.474 INFO  --- [main] o.s.s.c.ThreadPoolTaskExecutor : Initializing ExecutorService 'applicationTaskExecutor' 
2020:09:08 02:45:24.621 INFO  --- [main] o.a.coyote.http11.Http11NioProtocol : Starting ProtocolHandler ["http-nio-8080"] 
2020:09:08 02:45:24.636 INFO  --- [main] o.s.b.w.e.tomcat.TomcatWebServer : Tomcat started on port(s): 8080 (http) with context path '' 
2020:09:08 02:45:24.644 INFO  --- [main] kakao.KakaoApiPjApplication : Started KakaoApiPjApplication in 1.448 seconds (JVM running for 2.348) 
2020:09:08 02:45:28.979 INFO  --- [http-nio-8080-exec-1] o.a.c.c.C.[Tomcat].[localhost].[/] : Initializing Spring DispatcherServlet 'dispatcherServlet' 
2020:09:08 02:45:28.979 INFO  --- [http-nio-8080-exec-1] o.s.web.servlet.DispatcherServlet : Initializing Servlet 'dispatcherServlet' 
2020:09:08 02:45:28.983 INFO  --- [http-nio-8080-exec-1] o.s.web.servlet.DispatcherServlet : Completed initialization in 4 ms 
2020:09:08 02:45:29.047 INFO  --- [http-nio-8080-exec-1] kakao.controller.KakaoTest : 2020090802314217191401 
2020:09:08 02:45:29.833 INFO  --- [http-nio-8080-exec-1] kakao.controller.KakaoTest : 0 
2020:09:08 02:45:29.834 INFO  --- [http-nio-8080-exec-1] kakao.controller.KakaoTest : 성공22 
2020:09:08 02:46:26.624 INFO  --- [RMI TCP Connection(3)-127.0.0.1] o.s.b.a.SpringApplicationAdminMXBeanRegistrar$SpringApplicationAdmin : Application shutdown requested. 
2020:09:08 02:46:26.994 INFO  --- [RMI TCP Connection(3)-127.0.0.1] o.s.s.c.ThreadPoolTaskExecutor : Shutting down ExecutorService 'applicationTaskExecutor' 
2020:09:08 02:46:29.247 INFO  --- [main] kakao.KakaoApiPjApplication : Starting KakaoApiPjApplication on LAPTOP-5441OMQF with PID 15856 (C:\Users\USER\eclipse-kakao\KakaoApiPj\bin\main started by USER in C:\Users\USER\eclipse-kakao\KakaoApiPj) 
2020:09:08 02:46:29.249 INFO  --- [main] kakao.KakaoApiPjApplication : The following profiles are active: local 
2020:09:08 02:46:29.954 INFO  --- [main] o.s.b.w.e.tomcat.TomcatWebServer : Tomcat initialized with port(s): 8080 (http) 
2020:09:08 02:46:29.963 INFO  --- [main] o.a.coyote.http11.Http11NioProtocol : Initializing ProtocolHandler ["http-nio-8080"] 
2020:09:08 02:46:29.964 INFO  --- [main] o.a.catalina.core.StandardService : Starting service [Tomcat] 
2020:09:08 02:46:29.964 INFO  --- [main] o.a.catalina.core.StandardEngine : Starting Servlet engine: [Apache Tomcat/9.0.37] 
2020:09:08 02:46:30.056 INFO  --- [main] o.a.c.c.C.[Tomcat].[localhost].[/] : Initializing Spring embedded WebApplicationContext 
2020:09:08 02:46:30.057 INFO  --- [main] o.s.b.w.s.c.ServletWebServerApplicationContext : Root WebApplicationContext: initialization completed in 769 ms 
2020:09:08 02:46:30.204 INFO  --- [main] o.s.s.c.ThreadPoolTaskExecutor : Initializing ExecutorService 'applicationTaskExecutor' 
2020:09:08 02:46:30.362 INFO  --- [main] o.a.coyote.http11.Http11NioProtocol : Starting ProtocolHandler ["http-nio-8080"] 
2020:09:08 02:46:30.377 INFO  --- [main] o.s.b.w.e.tomcat.TomcatWebServer : Tomcat started on port(s): 8080 (http) with context path '' 
2020:09:08 02:46:30.383 INFO  --- [main] kakao.KakaoApiPjApplication : Started KakaoApiPjApplication in 1.519 seconds (JVM running for 2.38) 
2020:09:08 02:46:34.487 INFO  --- [http-nio-8080-exec-2] o.a.c.c.C.[Tomcat].[localhost].[/] : Initializing Spring DispatcherServlet 'dispatcherServlet' 
2020:09:08 02:46:34.488 INFO  --- [http-nio-8080-exec-2] o.s.web.servlet.DispatcherServlet : Initializing Servlet 'dispatcherServlet' 
2020:09:08 02:46:34.491 INFO  --- [http-nio-8080-exec-2] o.s.web.servlet.DispatcherServlet : Completed initialization in 3 ms 
2020:09:08 02:46:34.557 INFO  --- [http-nio-8080-exec-2] kakao.controller.KakaoTest : 2020090802314217191401 
2020:09:08 02:46:35.365 INFO  --- [http-nio-8080-exec-2] kakao.controller.KakaoTest : 0 
2020:09:08 02:46:35.366 INFO  --- [http-nio-8080-exec-2] kakao.controller.KakaoTest : 성공 
2020:09:08 02:46:47.521 INFO  --- [RMI TCP Connection(2)-127.0.0.1] o.s.b.a.SpringApplicationAdminMXBeanRegistrar$SpringApplicationAdmin : Application shutdown requested. 
2020:09:08 02:46:47.911 INFO  --- [RMI TCP Connection(2)-127.0.0.1] o.s.s.c.ThreadPoolTaskExecutor : Shutting down ExecutorService 'applicationTaskExecutor' 
2020:09:08 02:46:51.318 INFO  --- [main] kakao.KakaoApiPjApplication : Starting KakaoApiPjApplication on LAPTOP-5441OMQF with PID 17320 (C:\Users\USER\eclipse-kakao\KakaoApiPj\bin\main started by USER in C:\Users\USER\eclipse-kakao\KakaoApiPj) 
2020:09:08 02:46:51.320 INFO  --- [main] kakao.KakaoApiPjApplication : The following profiles are active: local 
2020:09:08 02:46:51.982 INFO  --- [main] o.s.b.w.e.tomcat.TomcatWebServer : Tomcat initialized with port(s): 8080 (http) 
2020:09:08 02:46:51.991 INFO  --- [main] o.a.coyote.http11.Http11NioProtocol : Initializing ProtocolHandler ["http-nio-8080"] 
2020:09:08 02:46:51.991 INFO  --- [main] o.a.catalina.core.StandardService : Starting service [Tomcat] 
2020:09:08 02:46:51.991 INFO  --- [main] o.a.catalina.core.StandardEngine : Starting Servlet engine: [Apache Tomcat/9.0.37] 
2020:09:08 02:46:52.082 INFO  --- [main] o.a.c.c.C.[Tomcat].[localhost].[/] : Initializing Spring embedded WebApplicationContext 
2020:09:08 02:46:52.082 INFO  --- [main] o.s.b.w.s.c.ServletWebServerApplicationContext : Root WebApplicationContext: initialization completed in 720 ms 
2020:09:08 02:46:52.231 INFO  --- [main] o.s.s.c.ThreadPoolTaskExecutor : Initializing ExecutorService 'applicationTaskExecutor' 
2020:09:08 02:46:52.379 INFO  --- [main] o.a.coyote.http11.Http11NioProtocol : Starting ProtocolHandler ["http-nio-8080"] 
2020:09:08 02:46:52.395 INFO  --- [main] o.s.b.w.e.tomcat.TomcatWebServer : Tomcat started on port(s): 8080 (http) with context path '' 
2020:09:08 02:46:52.402 INFO  --- [main] kakao.KakaoApiPjApplication : Started KakaoApiPjApplication in 1.457 seconds (JVM running for 2.306) 
2020:09:08 02:46:57.199 INFO  --- [http-nio-8080-exec-1] o.a.c.c.C.[Tomcat].[localhost].[/] : Initializing Spring DispatcherServlet 'dispatcherServlet' 
2020:09:08 02:46:57.200 INFO  --- [http-nio-8080-exec-1] o.s.web.servlet.DispatcherServlet : Initializing Servlet 'dispatcherServlet' 
2020:09:08 02:46:57.205 INFO  --- [http-nio-8080-exec-1] o.s.web.servlet.DispatcherServlet : Completed initialization in 5 ms 
2020:09:08 02:46:57.267 INFO  --- [http-nio-8080-exec-1] kakao.controller.KakaoTest : 2020090802314217191401 
2020:09:08 02:46:58.042 INFO  --- [http-nio-8080-exec-1] kakao.controller.KakaoTest : 0 
2020:09:08 02:46:58.043 INFO  --- [http-nio-8080-exec-1] kakao.controller.KakaoTest : 성공 
2020:09:08 02:47:11.641 INFO  --- [RMI TCP Connection(2)-127.0.0.1] o.s.b.a.SpringApplicationAdminMXBeanRegistrar$SpringApplicationAdmin : Application shutdown requested. 
2020:09:08 02:47:12.037 INFO  --- [RMI TCP Connection(2)-127.0.0.1] o.s.s.c.ThreadPoolTaskExecutor : Shutting down ExecutorService 'applicationTaskExecutor' 
2020:09:08 02:47:17.374 INFO  --- [main] kakao.KakaoApiPjApplication : Starting KakaoApiPjApplication on LAPTOP-5441OMQF with PID 2284 (C:\Users\USER\eclipse-kakao\KakaoApiPj\bin\main started by USER in C:\Users\USER\eclipse-kakao\KakaoApiPj) 
2020:09:08 02:47:17.377 INFO  --- [main] kakao.KakaoApiPjApplication : The following profiles are active: local 
2020:09:08 02:47:18.038 INFO  --- [main] o.s.b.w.e.tomcat.TomcatWebServer : Tomcat initialized with port(s): 8080 (http) 
2020:09:08 02:47:18.045 INFO  --- [main] o.a.coyote.http11.Http11NioProtocol : Initializing ProtocolHandler ["http-nio-8080"] 
2020:09:08 02:47:18.045 INFO  --- [main] o.a.catalina.core.StandardService : Starting service [Tomcat] 
2020:09:08 02:47:18.045 INFO  --- [main] o.a.catalina.core.StandardEngine : Starting Servlet engine: [Apache Tomcat/9.0.37] 
2020:09:08 02:47:18.125 INFO  --- [main] o.a.c.c.C.[Tomcat].[localhost].[/] : Initializing Spring embedded WebApplicationContext 
2020:09:08 02:47:18.125 INFO  --- [main] o.s.b.w.s.c.ServletWebServerApplicationContext : Root WebApplicationContext: initialization completed in 718 ms 
2020:09:08 02:47:18.268 INFO  --- [main] o.s.s.c.ThreadPoolTaskExecutor : Initializing ExecutorService 'applicationTaskExecutor' 
2020:09:08 02:47:18.420 INFO  --- [main] o.a.coyote.http11.Http11NioProtocol : Starting ProtocolHandler ["http-nio-8080"] 
2020:09:08 02:47:18.436 INFO  --- [main] o.s.b.w.e.tomcat.TomcatWebServer : Tomcat started on port(s): 8080 (http) with context path '' 
2020:09:08 02:47:18.443 INFO  --- [main] kakao.KakaoApiPjApplication : Started KakaoApiPjApplication in 1.447 seconds (JVM running for 2.293) 
2020:09:08 02:47:27.773 INFO  --- [http-nio-8080-exec-2] o.a.c.c.C.[Tomcat].[localhost].[/] : Initializing Spring DispatcherServlet 'dispatcherServlet' 
2020:09:08 02:47:27.773 INFO  --- [http-nio-8080-exec-2] o.s.web.servlet.DispatcherServlet : Initializing Servlet 'dispatcherServlet' 
2020:09:08 02:47:27.777 INFO  --- [http-nio-8080-exec-2] o.s.web.servlet.DispatcherServlet : Completed initialization in 3 ms 
2020:09:08 02:47:27.843 INFO  --- [http-nio-8080-exec-2] kakao.controller.KakaoTest : 2020090802314217191401 
2020:09:08 02:47:28.634 INFO  --- [http-nio-8080-exec-2] kakao.controller.KakaoTest : 0 
2020:09:08 02:47:28.635 INFO  --- [http-nio-8080-exec-2] kakao.controller.KakaoTest : 성공 
